2020-03-06 14:18:52 INFO  myLog:23 - War
2020-03-06 14:18:52 INFO  myLog:23 - Warner 25 Anos
2020-03-06 14:18:52 INFO  myLog:23 - Weill: The Seven Deadly Sins
2020-03-06 14:18:52 INFO  myLog:23 - Worlds
2020-03-06 14:18:52 INFO  myLog:23 - Zooropa
2020-03-06 14:18:52 INFO  myLog:23 - [1997] Black Light Syndrome
2020-03-06 14:19:12 ERROR myLog:8 - ERROR
2020-03-06 14:19:12 INFO  myLog:11 - Just an Info
2020-03-06 14:19:12 INFO  myLog:23 - ...And Justice For All
2020-03-06 14:19:12 INFO  myLog:23 - 20th Century Masters - The Millennium Collection: The Best of Scorpions
2020-03-06 14:19:12 INFO  myLog:23 - A Copland Celebration, Vol. I
2020-03-06 14:19:12 INFO  myLog:23 - A Matter of Life and Death
2020-03-06 14:19:12 INFO  myLog:23 - A Real Dead One
2020-03-06 14:19:12 INFO  myLog:23 - A Real Live One
2020-03-06 14:19:12 INFO  myLog:23 - A Soprano Inspired
2020-03-06 14:19:12 INFO  myLog:23 - A TempestadeTempestade Ou O Livro Dos Dias
2020-03-06 14:19:12 INFO  myLog:23 - A-Sides
2020-03-06 14:19:12 INFO  myLog:23 - Ace Of Spades
2020-03-06 14:19:12 INFO  myLog:23 - Achtung Baby
2020-03-06 14:19:12 INFO  myLog:23 - Acústico
2020-03-06 14:19:12 INFO  myLog:23 - Acústico MTV
2020-03-06 14:19:12 INFO  myLog:23 - Acústico MTV [Live]
2020-03-06 14:19:12 INFO  myLog:23 - Adams, John: The Chairman Dances
2020-03-06 14:19:12 INFO  myLog:23 - Adorate Deum: Gregorian Chant from the Proper of the Mass
2020-03-06 14:19:12 INFO  myLog:23 - Afrociberdelia
2020-03-06 14:19:12 INFO  myLog:23 - Album Of The Year
2020-03-06 14:19:12 INFO  myLog:23 - Alcohol Fueled Brewtality Live! [Disc 1]
2020-03-06 14:19:12 INFO  myLog:23 - Alcohol Fueled Brewtality Live! [Disc 2]
2020-03-06 14:19:12 INFO  myLog:23 - All That You Can't Leave Behind
2020-03-06 14:19:12 INFO  myLog:23 - Allegri: Miserere
2020-03-06 14:19:12 INFO  myLog:23 - American Idiot
2020-03-06 14:19:12 INFO  myLog:23 - Angel Dust
2020-03-06 14:19:12 INFO  myLog:23 - Ao Vivo [IMPORT]
2020-03-06 14:19:12 INFO  myLog:23 - Appetite for Destruction
2020-03-06 14:19:12 INFO  myLog:23 - Aquaman
2020-03-06 14:19:12 INFO  myLog:23 - Are You Experienced?
2020-03-06 14:19:12 INFO  myLog:23 - Armada: Music from the Courts of England and Spain
2020-03-06 14:19:12 INFO  myLog:23 - Arquivo II
2020-03-06 14:19:12 INFO  myLog:23 - Arquivo Os Paralamas Do Sucesso
2020-03-06 14:19:12 INFO  myLog:23 - As Canções de Eu Tu Eles
2020-03-06 14:19:12 INFO  myLog:23 - Audioslave
2020-03-06 14:19:12 INFO  myLog:23 - Axé Bahia 2001
2020-03-06 14:19:12 INFO  myLog:23 - B-Sides 1980-1990
2020-03-06 14:19:12 INFO  myLog:23 - BBC Sessions [Disc 1] [Live]
2020-03-06 14:19:12 INFO  myLog:23 - BBC Sessions [Disc 2] [Live]
2020-03-06 14:19:12 INFO  myLog:23 - Bach: Goldberg Variations
2020-03-06 14:19:12 INFO  myLog:23 - Bach: Orchestral Suites Nos. 1 - 4
2020-03-06 14:19:12 INFO  myLog:23 - Bach: The Brandenburg Concertos
2020-03-06 14:19:12 INFO  myLog:23 - Bach: The Cello Suites
2020-03-06 14:19:12 INFO  myLog:23 - Bach: Toccata & Fugue in D Minor
2020-03-06 14:19:12 INFO  myLog:23 - Bach: Violin Concertos
2020-03-06 14:19:12 INFO  myLog:23 - Back to Black
2020-03-06 14:19:12 INFO  myLog:23 - BackBeat Soundtrack
2020-03-06 14:19:12 INFO  myLog:23 - Balls to the Wall
2020-03-06 14:19:12 INFO  myLog:23 - Bark at the Moon (Remastered)
2020-03-06 14:19:12 INFO  myLog:23 - Bartok: Violin & Viola Concertos
2020-03-06 14:19:12 INFO  myLog:23 - Barulhinho Bom
2020-03-06 14:19:12 INFO  myLog:23 - Battlestar Galactica (Classic), Season 1
2020-03-06 14:19:12 INFO  myLog:23 - Battlestar Galactica, Season 3
2020-03-06 14:19:12 INFO  myLog:23 - Battlestar Galactica: The Story So Far
2020-03-06 14:19:12 INFO  myLog:23 - Beethoven Piano Sonatas: Moonlight & Pastorale
2020-03-06 14:19:12 INFO  myLog:23 - Beethoven: Symhonies Nos. 5 & 6
2020-03-06 14:19:12 INFO  myLog:23 - Beethoven: Symphony No. 6 'Pastoral' Etc.
2020-03-06 14:19:12 INFO  myLog:23 - Berlioz: Symphonie Fantastique
2020-03-06 14:19:12 INFO  myLog:23 - Beyond Good And Evil
2020-03-06 14:19:12 INFO  myLog:23 - Big Ones
2020-03-06 14:19:12 INFO  myLog:23 - Bizet: Carmen Highlights
2020-03-06 14:19:12 INFO  myLog:23 - Black Album
2020-03-06 14:19:12 INFO  myLog:23 - Black Sabbath
2020-03-06 14:19:12 INFO  myLog:23 - Black Sabbath Vol. 4 (Remaster)
2020-03-06 14:19:12 INFO  myLog:23 - Blizzard of Ozz
2020-03-06 14:19:12 INFO  myLog:23 - Blood Sugar Sex Magik
2020-03-06 14:19:12 INFO  myLog:23 - Blue Moods
2020-03-06 14:19:12 INFO  myLog:23 - Body Count
2020-03-06 14:19:12 INFO  myLog:23 - Bongo Fury
2020-03-06 14:19:12 INFO  myLog:23 - Brave New World
2020-03-06 14:19:12 INFO  myLog:23 - By The Way
2020-03-06 14:19:12 INFO  myLog:23 - Cafezinho
2020-03-06 14:19:12 INFO  myLog:23 - Cake: B-Sides and Rarities
2020-03-06 14:19:12 INFO  myLog:23 - Californication
2020-03-06 14:19:12 INFO  myLog:23 - Carmina Burana
2020-03-06 14:19:12 INFO  myLog:23 - Carnaval 2001
2020-03-06 14:19:12 INFO  myLog:23 - Carried to Dust (Bonus Track Version)
2020-03-06 14:19:12 INFO  myLog:23 - Carry On
2020-03-06 14:19:12 INFO  myLog:23 - Cesta Básica
2020-03-06 14:19:12 INFO  myLog:23 - Charpentier: Divertissements, Airs & Concerts
2020-03-06 14:19:12 INFO  myLog:23 - Chemical Wedding
2020-03-06 14:19:12 INFO  myLog:23 - Chill: Brazil (Disc 1)
2020-03-06 14:19:12 INFO  myLog:23 - Chill: Brazil (Disc 2)
2020-03-06 14:19:12 INFO  myLog:23 - Chopin: Piano Concertos Nos. 1 & 2
2020-03-06 14:19:12 INFO  myLog:23 - Chronicle, Vol. 1
2020-03-06 14:19:12 INFO  myLog:23 - Chronicle, Vol. 2
2020-03-06 14:19:12 INFO  myLog:23 - Cidade Negra - Hits
2020-03-06 14:19:12 INFO  myLog:23 - Coda
2020-03-06 14:19:12 INFO  myLog:23 - Come Taste The Band
2020-03-06 14:19:12 INFO  myLog:23 - Compositores
2020-03-06 14:19:12 INFO  myLog:23 - Contraband
2020-03-06 14:19:12 INFO  myLog:23 - Core
2020-03-06 14:19:12 INFO  myLog:23 - Cássia Eller - Coleção Sem Limite [Disc 2]
2020-03-06 14:19:12 INFO  myLog:23 - Cássia Eller - Sem Limite [Disc 1]
2020-03-06 14:19:12 INFO  myLog:23 - Da Lama Ao Caos
2020-03-06 14:19:12 INFO  myLog:23 - Dance Of Death
2020-03-06 14:19:12 INFO  myLog:23 - Dark Side Of The Moon
2020-03-06 14:19:12 INFO  myLog:23 - Deep Purple In Rock
2020-03-06 14:19:12 INFO  myLog:23 - Deixa Entrar
2020-03-06 14:19:12 INFO  myLog:23 - Demorou...
2020-03-06 14:19:12 INFO  myLog:23 - Diary of a Madman (Remastered)
2020-03-06 14:19:12 INFO  myLog:23 - Diver Down
2020-03-06 14:19:12 INFO  myLog:23 - Djavan Ao Vivo - Vol. 02
2020-03-06 14:19:12 INFO  myLog:23 - Djavan Ao Vivo - Vol. 1
2020-03-06 14:19:12 INFO  myLog:23 - Duos II
2020-03-06 14:19:12 INFO  myLog:23 - Elgar: Cello Concerto & Vaughan Williams: Fantasias
2020-03-06 14:19:12 INFO  myLog:23 - Elis Regina-Minha História
2020-03-06 14:19:12 INFO  myLog:23 - Emergency On Planet Earth
2020-03-06 14:19:12 INFO  myLog:23 - English Renaissance
2020-03-06 14:19:12 INFO  myLog:23 - Every Kind of Light
2020-03-06 14:19:12 INFO  myLog:23 - Faceless
2020-03-06 14:19:12 INFO  myLog:23 - Facelift
2020-03-06 14:19:12 INFO  myLog:23 - Fauré: Requiem, Ravel: Pavane & Others
2020-03-06 14:19:12 INFO  myLog:23 - Fear Of The Dark
2020-03-06 14:19:12 INFO  myLog:23 - Fireball
2020-03-06 14:19:12 INFO  myLog:23 - For Those About To Rock We Salute You
2020-03-06 14:19:12 INFO  myLog:23 - Frank
2020-03-06 14:19:12 INFO  myLog:23 - From The Muddy Banks Of The Wishkah [Live]
2020-03-06 14:19:12 INFO  myLog:23 - Garage Inc. (Disc 1)
2020-03-06 14:19:12 INFO  myLog:23 - Garage Inc. (Disc 2)
2020-03-06 14:19:12 INFO  myLog:23 - Get Born
2020-03-06 14:19:12 INFO  myLog:23 - Great Opera Choruses
2020-03-06 14:19:12 INFO  myLog:23 - Great Performances - Barber's Adagio and Other Romantic Favorites for Strings
2020-03-06 14:19:12 INFO  myLog:23 - Great Recordings of the Century - Mahler: Das Lied von der Erde
2020-03-06 14:19:12 INFO  myLog:23 - Great Recordings of the Century - Shubert: Schwanengesang, 4 Lieder
2020-03-06 14:19:12 INFO  myLog:23 - Great Recordings of the Century: Paganini's 24 Caprices
2020-03-06 14:19:12 INFO  myLog:23 - Greatest Hits
2020-03-06 14:19:12 INFO  myLog:23 - Greatest Hits I
2020-03-06 14:19:12 INFO  myLog:23 - Greatest Hits II
2020-03-06 14:19:12 INFO  myLog:23 - Greatest Kiss
2020-03-06 14:19:12 INFO  myLog:23 - Green
2020-03-06 14:19:12 INFO  myLog:23 - Grieg: Peer Gynt Suites & Sibelius: Pelléas et Mélisande
2020-03-06 14:19:12 INFO  myLog:23 - Górecki: Symphony No. 3
2020-03-06 14:19:12 INFO  myLog:23 - Handel: Music for the Royal Fireworks (Original Version 1749)
2020-03-06 14:19:12 INFO  myLog:23 - Handel: The Messiah (Highlights)
2020-03-06 14:19:12 INFO  myLog:23 - Haydn: Symphonies 99 - 104
2020-03-06 14:19:12 INFO  myLog:23 - Heart of the Night
2020-03-06 14:19:12 INFO  myLog:23 - Heroes, Season 1
2020-03-06 14:19:12 INFO  myLog:23 - Holst: The Planets, Op. 32 & Vaughan Williams: Fantasies
2020-03-06 14:19:12 INFO  myLog:23 - Hot Rocks, 1964-1971 (Disc 1)
2020-03-06 14:19:12 INFO  myLog:23 - House of Pain
2020-03-06 14:19:12 INFO  myLog:23 - Houses Of The Holy
2020-03-06 14:19:12 INFO  myLog:23 - How To Dismantle An Atomic Bomb
2020-03-06 14:19:12 INFO  myLog:23 - IV
2020-03-06 14:19:12 INFO  myLog:23 - In Step
2020-03-06 14:19:12 INFO  myLog:23 - In Through The Out Door
2020-03-06 14:19:12 INFO  myLog:23 - In Your Honor [Disc 1]
2020-03-06 14:19:12 INFO  myLog:23 - In Your Honor [Disc 2]
2020-03-06 14:19:12 INFO  myLog:23 - Instant Karma: The Amnesty International Campaign to Save Darfur
2020-03-06 14:19:12 INFO  myLog:23 - International Superhits
2020-03-06 14:19:12 INFO  myLog:23 - Into The Light
2020-03-06 14:19:12 INFO  myLog:23 - Iron Maiden
2020-03-06 14:19:12 INFO  myLog:23 - J.S. Bach: Chaconne, Suite in E Minor, Partita in E Major & Prelude, Fugue and Allegro
2020-03-06 14:19:12 INFO  myLog:23 - Jagged Little Pill
2020-03-06 14:19:12 INFO  myLog:23 - Jorge Ben Jor 25 Anos
2020-03-06 14:19:12 INFO  myLog:23 - Jota Quest-1995
2020-03-06 14:19:12 INFO  myLog:23 - Judas 0: B-Sides and Rarities
2020-03-06 14:19:12 INFO  myLog:23 - Kill 'Em All
2020-03-06 14:19:12 INFO  myLog:23 - Killers
2020-03-06 14:19:12 INFO  myLog:23 - King For A Day Fool For A Lifetime
2020-03-06 14:19:12 INFO  myLog:23 - Knocking at Your Back Door: The Best Of Deep Purple in the 80's
2020-03-06 14:19:12 INFO  myLog:23 - Koyaanisqatsi (Soundtrack from the Motion Picture)
2020-03-06 14:19:12 INFO  myLog:23 - LOST, Season 4
2020-03-06 14:19:12 INFO  myLog:23 - Led Zeppelin I
2020-03-06 14:19:12 INFO  myLog:23 - Led Zeppelin II
2020-03-06 14:19:12 INFO  myLog:23 - Led Zeppelin III
2020-03-06 14:19:12 INFO  myLog:23 - Let There Be Rock
2020-03-06 14:19:12 INFO  myLog:23 - Liszt - 12 Études D'Execution Transcendante
2020-03-06 14:19:12 INFO  myLog:23 - Live After Death
2020-03-06 14:19:12 INFO  myLog:23 - Live At Donington 1992 (Disc 1)
2020-03-06 14:19:12 INFO  myLog:23 - Live At Donington 1992 (Disc 2)
2020-03-06 14:19:12 INFO  myLog:23 - Live On Two Legs [Live]
2020-03-06 14:19:12 INFO  myLog:23 - Live [Disc 1]
2020-03-06 14:19:12 INFO  myLog:23 - Live [Disc 2]
2020-03-06 14:19:12 INFO  myLog:23 - Living After Midnight
2020-03-06 14:19:12 INFO  myLog:23 - Load
2020-03-06 14:19:12 INFO  myLog:23 - Locatelli: Concertos for Violin, Strings and Continuo, Vol. 3
2020-03-06 14:19:12 INFO  myLog:23 - Lost, Season 1
2020-03-06 14:19:12 INFO  myLog:23 - Lost, Season 2
2020-03-06 14:19:12 INFO  myLog:23 - Lost, Season 3
2020-03-06 14:19:12 INFO  myLog:23 - Lulu Santos - RCA 100 Anos De Música - Álbum 01
2020-03-06 14:19:12 INFO  myLog:23 - Lulu Santos - RCA 100 Anos De Música - Álbum 02
2020-03-06 14:19:12 INFO  myLog:23 - MK III The Final Concerts [Disc 1]
2020-03-06 14:19:12 INFO  myLog:23 - Machine Head
2020-03-06 14:19:12 INFO  myLog:23 - Mais Do Mesmo
2020-03-06 14:19:12 INFO  myLog:23 - Maquinarama
2020-03-06 14:19:12 INFO  myLog:23 - Mascagni: Cavalleria Rusticana
2020-03-06 14:19:12 INFO  myLog:23 - Master Of Puppets
2020-03-06 14:19:12 INFO  myLog:23 - Mendelssohn: A Midsummer Night's Dream
2020-03-06 14:19:12 INFO  myLog:23 - Meus Momentos
2020-03-06 14:19:12 INFO  myLog:23 - Mezmerize
2020-03-06 14:19:12 INFO  myLog:23 - Miles Ahead
2020-03-06 14:19:12 INFO  myLog:23 - Milton Nascimento Ao Vivo
2020-03-06 14:19:12 INFO  myLog:23 - Minas
2020-03-06 14:19:12 INFO  myLog:23 - Minha Historia
2020-03-06 14:19:12 INFO  myLog:23 - Minha História
2020-03-06 14:19:12 INFO  myLog:23 - Misplaced Childhood
2020-03-06 14:19:12 INFO  myLog:23 - Monteverdi: L'Orfeo
2020-03-06 14:19:12 INFO  myLog:23 - Morning Dance
2020-03-06 14:19:12 INFO  myLog:23 - Motley Crue Greatest Hits
2020-03-06 14:19:12 INFO  myLog:23 - Mozart Gala: Famous Arias
2020-03-06 14:19:12 INFO  myLog:23 - Mozart: Chamber Music
2020-03-06 14:19:12 INFO  myLog:23 - Mozart: Symphonies Nos. 40 & 41
2020-03-06 14:19:12 INFO  myLog:23 - Mozart: Wind Concertos
2020-03-06 14:19:12 INFO  myLog:23 - Muso Ko
2020-03-06 14:19:12 INFO  myLog:23 - My Generation - The Very Best Of The Who
2020-03-06 14:19:12 INFO  myLog:23 - My Way: The Best Of Frank Sinatra [Disc 1]
2020-03-06 14:19:12 INFO  myLog:23 - Na Pista
2020-03-06 14:19:12 INFO  myLog:23 - Nevermind
2020-03-06 14:19:12 INFO  myLog:23 - New Adventures In Hi-Fi
2020-03-06 14:19:12 INFO  myLog:23 - News Of The World
2020-03-06 14:19:12 INFO  myLog:23 - Nielsen: The Six Symphonies
2020-03-06 14:19:12 INFO  myLog:23 - No More Tears (Remastered)
2020-03-06 14:19:12 INFO  myLog:23 - No Prayer For The Dying
2020-03-06 14:19:12 INFO  myLog:23 - No Security
2020-03-06 14:19:12 INFO  myLog:23 - O Samba Poconé
2020-03-06 14:19:12 INFO  myLog:23 - Olodum
2020-03-06 14:19:12 INFO  myLog:23 - One By One
2020-03-06 14:19:12 INFO  myLog:23 - Original Soundtracks 1
2020-03-06 14:19:12 INFO  myLog:23 - Os Cães Ladram Mas A Caravana Não Pára
2020-03-06 14:19:12 INFO  myLog:23 - Out Of Exile
2020-03-06 14:19:12 INFO  myLog:23 - Out Of Time
2020-03-06 14:19:12 INFO  myLog:23 - Outbreak
2020-03-06 14:19:12 INFO  myLog:23 - Pachelbel: Canon & Gigue
2020-03-06 14:19:12 INFO  myLog:23 - Palestrina: Missa Papae Marcelli & Allegri: Miserere
2020-03-06 14:19:12 INFO  myLog:23 - Pavarotti's Opera Made Easy
2020-03-06 14:19:12 INFO  myLog:23 - Pearl Jam
2020-03-06 14:19:12 INFO  myLog:23 - Physical Graffiti [Disc 1]
2020-03-06 14:19:12 INFO  myLog:23 - Physical Graffiti [Disc 2]
2020-03-06 14:19:12 INFO  myLog:23 - Piece Of Mind
2020-03-06 14:19:12 INFO  myLog:23 - Plays Metallica By Four Cellos
2020-03-06 14:19:12 INFO  myLog:23 - Pop
2020-03-06 14:19:12 INFO  myLog:23 - Powerslave
2020-03-06 14:19:12 INFO  myLog:23 - Prenda Minha
2020-03-06 14:19:12 INFO  myLog:23 - Presence
2020-03-06 14:19:12 INFO  myLog:23 - Prokofiev: Romeo & Juliet
2020-03-06 14:19:12 INFO  myLog:23 - Prokofiev: Symphony No.1
2020-03-06 14:19:12 INFO  myLog:23 - Prokofiev: Symphony No.5 & Stravinksy: Le Sacre Du Printemps
2020-03-06 14:19:12 INFO  myLog:23 - Puccini: Madama Butterfly - Highlights
2020-03-06 14:19:12 INFO  myLog:23 - Purcell: Music for the Queen Mary
2020-03-06 14:19:12 INFO  myLog:23 - Purcell: The Fairy Queen
2020-03-06 14:19:12 INFO  myLog:23 - Pure Cult: The Best Of The Cult (For Rockers, Ravers, Lovers & Sinners) [UK]
2020-03-06 14:19:12 INFO  myLog:23 - Purpendicular
2020-03-06 14:19:12 INFO  myLog:23 - Quanta Gente Veio Ver (Live)
2020-03-06 14:19:12 INFO  myLog:23 - Quanta Gente Veio ver--Bônus De Carnaval
2020-03-06 14:19:12 INFO  myLog:23 - Quiet Songs
2020-03-06 14:19:12 INFO  myLog:23 - Radio Brasil (O Som da Jovem Vanguarda) - Seleccao de Henrique Amaro
2020-03-06 14:19:12 INFO  myLog:23 - Rattle And Hum
2020-03-06 14:19:12 INFO  myLog:23 - Raul Seixas
2020-03-06 14:19:12 INFO  myLog:23 - ReLoad
2020-03-06 14:19:12 INFO  myLog:23 - Realize
2020-03-06 14:19:12 INFO  myLog:23 - Respighi:Pines of Rome
2020-03-06 14:19:12 INFO  myLog:23 - Restless and Wild
2020-03-06 14:19:12 INFO  myLog:23 - Retrospective I (1974-1980)
2020-03-06 14:19:12 INFO  myLog:23 - Revelations
2020-03-06 14:19:12 INFO  myLog:23 - Ride The Lightning
2020-03-06 14:19:12 INFO  myLog:23 - Riot Act
2020-03-06 14:19:12 INFO  myLog:23 - Rock In Rio [CD1]
2020-03-06 14:19:12 INFO  myLog:23 - Rock In Rio [CD2]
2020-03-06 14:19:12 INFO  myLog:23 - Roda De Funk
2020-03-06 14:19:12 INFO  myLog:23 - Rotten Apples: Greatest Hits
2020-03-06 14:19:12 INFO  myLog:23 - SCRIABIN: Vers la flamme
2020-03-06 14:19:12 INFO  myLog:23 - Sambas De Enredo 2001
2020-03-06 14:19:12 INFO  myLog:23 - Santana - As Years Go By
2020-03-06 14:19:12 INFO  myLog:23 - Santana Live
2020-03-06 14:19:12 INFO  myLog:23 - Scheherazade
2020-03-06 14:19:12 INFO  myLog:23 - Schubert: The Late String Quartets & String Quintet (3 CD's)
2020-03-06 14:19:12 INFO  myLog:23 - Seek And Shall Find: More Of The Best (1963-1981)
2020-03-06 14:19:12 INFO  myLog:23 - Serie Sem Limite (Disc 1)
2020-03-06 14:19:12 INFO  myLog:23 - Serie Sem Limite (Disc 2)
2020-03-06 14:19:12 INFO  myLog:23 - Seventh Son of a Seventh Son
2020-03-06 14:19:12 INFO  myLog:23 - Sex Machine
2020-03-06 14:19:12 INFO  myLog:23 - Sibelius: Finlandia
2020-03-06 14:19:12 INFO  myLog:23 - Sir Neville Marriner: A Celebration
2020-03-06 14:19:12 INFO  myLog:23 - Slaves And Masters
2020-03-06 14:19:12 INFO  myLog:23 - Somewhere in Time
2020-03-06 14:19:12 INFO  myLog:23 - South American Getaway
2020-03-06 14:19:12 INFO  myLog:23 - Sozinho Remix Ao Vivo
2020-03-06 14:19:12 INFO  myLog:23 - Speak of the Devil
2020-03-06 14:19:12 INFO  myLog:23 - St. Anger
2020-03-06 14:19:12 INFO  myLog:23 - Stormbringer
2020-03-06 14:19:12 INFO  myLog:23 - Strauss: Waltzes
2020-03-06 14:19:12 INFO  myLog:23 - Supernatural
2020-03-06 14:19:12 INFO  myLog:23 - Surfing with the Alien (Remastered)
2020-03-06 14:19:12 INFO  myLog:23 - Synkronized
2020-03-06 14:19:12 INFO  myLog:23 - Szymanowski: Piano Works, Vol. 1
2020-03-06 14:19:12 INFO  myLog:23 - Tangents
2020-03-06 14:19:12 INFO  myLog:23 - Tchaikovsky: 1812 Festival Overture, Op.49, Capriccio Italien & Beethoven: Wellington's Victory
2020-03-06 14:19:12 INFO  myLog:23 - Tchaikovsky: The Nutcracker
2020-03-06 14:19:12 INFO  myLog:23 - Temple of the Dog
2020-03-06 14:19:12 INFO  myLog:23 - Ten
2020-03-06 14:19:12 INFO  myLog:23 - The Battle Rages On
2020-03-06 14:19:12 INFO  myLog:23 - The Beast Live
2020-03-06 14:19:12 INFO  myLog:23 - The Best Of 1980-1990
2020-03-06 14:19:12 INFO  myLog:23 - The Best Of Billy Cobham
2020-03-06 14:19:12 INFO  myLog:23 - The Best Of Buddy Guy - The Millenium Collection
2020-03-06 14:19:12 INFO  myLog:23 - The Best Of Men At Work
2020-03-06 14:19:12 INFO  myLog:23 - The Best Of R.E.M.: The IRS Years
2020-03-06 14:19:12 INFO  myLog:23 - The Best Of Van Halen, Vol. I
2020-03-06 14:19:12 INFO  myLog:23 - The Best of Beethoven
2020-03-06 14:19:12 INFO  myLog:23 - The Best of Ed Motta
2020-03-06 14:19:12 INFO  myLog:23 - The Colour And The Shape
2020-03-06 14:19:12 INFO  myLog:23 - The Cream Of Clapton
2020-03-06 14:19:12 INFO  myLog:23 - The Doors
2020-03-06 14:19:12 INFO  myLog:23 - The Essential Miles Davis [Disc 1]
2020-03-06 14:19:12 INFO  myLog:23 - The Essential Miles Davis [Disc 2]
2020-03-06 14:19:12 INFO  myLog:23 - The Final Concerts (Disc 2)
2020-03-06 14:19:12 INFO  myLog:23 - The Last Night of the Proms
2020-03-06 14:19:12 INFO  myLog:23 - The Number of The Beast
2020-03-06 14:19:12 INFO  myLog:23 - The Office, Season 1
2020-03-06 14:19:12 INFO  myLog:23 - The Office, Season 2
2020-03-06 14:19:12 INFO  myLog:23 - The Office, Season 3
2020-03-06 14:19:12 INFO  myLog:23 - The Police Greatest Hits
2020-03-06 14:19:12 INFO  myLog:23 - The Real Thing
2020-03-06 14:19:12 INFO  myLog:23 - The Return Of The Space Cowboy
2020-03-06 14:19:12 INFO  myLog:23 - The Singles
2020-03-06 14:19:12 INFO  myLog:23 - The Song Remains The Same (Disc 1)
2020-03-06 14:19:12 INFO  myLog:23 - The Song Remains The Same (Disc 2)
2020-03-06 14:19:12 INFO  myLog:23 - The Ultimate Relexation Album
2020-03-06 14:19:12 INFO  myLog:23 - The World of Classical Favourites
2020-03-06 14:19:12 INFO  myLog:23 - The X Factor
2020-03-06 14:19:12 INFO  myLog:23 - Transmission
2020-03-06 14:19:12 INFO  myLog:23 - Tribute
2020-03-06 14:19:12 INFO  myLog:23 - UB40 The Best Of - Volume Two [UK]
2020-03-06 14:19:12 INFO  myLog:23 - Un-Led-Ed
2020-03-06 14:19:12 INFO  myLog:23 - Unplugged
2020-03-06 14:19:12 INFO  myLog:23 - Unplugged [Live]
2020-03-06 14:19:12 INFO  myLog:23 - Up An' Atom
2020-03-06 14:19:12 INFO  myLog:23 - Use Your Illusion I
2020-03-06 14:19:12 INFO  myLog:23 - Use Your Illusion II
2020-03-06 14:19:12 INFO  myLog:23 - Van Halen
2020-03-06 14:19:12 INFO  myLog:23 - Van Halen III
2020-03-06 14:19:12 INFO  myLog:23 - Vault: Def Leppard's Greatest Hits
2020-03-06 14:19:12 INFO  myLog:23 - Vinicius De Moraes
2020-03-06 14:19:12 INFO  myLog:23 - Vinícius De Moraes - Sem Limite
2020-03-06 14:19:12 INFO  myLog:23 - Virtual XI
2020-03-06 14:19:12 INFO  myLog:23 - Vivaldi: The Four Seasons
2020-03-06 14:19:12 INFO  myLog:23 - Volume Dois
2020-03-06 14:19:12 INFO  myLog:23 - Voodoo Lounge
2020-03-06 14:19:12 INFO  myLog:23 - Vozes do MPB
2020-03-06 14:19:12 INFO  myLog:23 - Vs.
2020-03-06 14:19:12 INFO  myLog:23 - Wagner: Favourite Overtures
2020-03-06 14:19:12 INFO  myLog:23 - Walking Into Clarksdale
2020-03-06 14:19:12 INFO  myLog:23 - War
2020-03-06 14:19:12 INFO  myLog:23 - Warner 25 Anos
2020-03-06 14:19:12 INFO  myLog:23 - Weill: The Seven Deadly Sins
2020-03-06 14:19:12 INFO  myLog:23 - Worlds
2020-03-06 14:19:12 INFO  myLog:23 - Zooropa
2020-03-06 14:19:12 INFO  myLog:23 - [1997] Black Light Syndrome
2020-03-06 14:19:17 ERROR myLog:8 - ERROR
2020-03-06 14:19:17 INFO  myLog:11 - Just an Info
2020-03-06 14:19:18 INFO  myLog:23 - ...And Justice For All
2020-03-06 14:19:18 INFO  myLog:23 - 20th Century Masters - The Millennium Collection: The Best of Scorpions
2020-03-06 14:19:18 INFO  myLog:23 - A Copland Celebration, Vol. I
2020-03-06 14:19:18 INFO  myLog:23 - A Matter of Life and Death
2020-03-06 14:19:18 INFO  myLog:23 - A Real Dead One
2020-03-06 14:19:18 INFO  myLog:23 - A Real Live One
2020-03-06 14:19:18 INFO  myLog:23 - A Soprano Inspired
2020-03-06 14:19:18 INFO  myLog:23 - A TempestadeTempestade Ou O Livro Dos Dias
2020-03-06 14:19:18 INFO  myLog:23 - A-Sides
2020-03-06 14:19:18 INFO  myLog:23 - Ace Of Spades
2020-03-06 14:19:18 INFO  myLog:23 - Achtung Baby
2020-03-06 14:19:18 INFO  myLog:23 - Acústico
2020-03-06 14:19:18 INFO  myLog:23 - Acústico MTV
2020-03-06 14:19:18 INFO  myLog:23 - Acústico MTV [Live]
2020-03-06 14:19:18 INFO  myLog:23 - Adams, John: The Chairman Dances
2020-03-06 14:19:18 INFO  myLog:23 - Adorate Deum: Gregorian Chant from the Proper of the Mass
2020-03-06 14:19:18 INFO  myLog:23 - Afrociberdelia
2020-03-06 14:19:18 INFO  myLog:23 - Album Of The Year
2020-03-06 14:19:18 INFO  myLog:23 - Alcohol Fueled Brewtality Live! [Disc 1]
2020-03-06 14:19:18 INFO  myLog:23 - Alcohol Fueled Brewtality Live! [Disc 2]
2020-03-06 14:19:18 INFO  myLog:23 - All That You Can't Leave Behind
2020-03-06 14:19:18 INFO  myLog:23 - Allegri: Miserere
2020-03-06 14:19:18 INFO  myLog:23 - American Idiot
2020-03-06 14:19:18 INFO  myLog:23 - Angel Dust
2020-03-06 14:19:18 INFO  myLog:23 - Ao Vivo [IMPORT]
2020-03-06 14:19:18 INFO  myLog:23 - Appetite for Destruction
2020-03-06 14:19:18 INFO  myLog:23 - Aquaman
2020-03-06 14:19:18 INFO  myLog:23 - Are You Experienced?
2020-03-06 14:19:18 INFO  myLog:23 - Armada: Music from the Courts of England and Spain
2020-03-06 14:19:18 INFO  myLog:23 - Arquivo II
2020-03-06 14:19:18 INFO  myLog:23 - Arquivo Os Paralamas Do Sucesso
2020-03-06 14:19:18 INFO  myLog:23 - As Canções de Eu Tu Eles
2020-03-06 14:19:18 INFO  myLog:23 - Audioslave
2020-03-06 14:19:18 INFO  myLog:23 - Axé Bahia 2001
2020-03-06 14:19:18 INFO  myLog:23 - B-Sides 1980-1990
2020-03-06 14:19:18 INFO  myLog:23 - BBC Sessions [Disc 1] [Live]
2020-03-06 14:19:18 INFO  myLog:23 - BBC Sessions [Disc 2] [Live]
2020-03-06 14:19:18 INFO  myLog:23 - Bach: Goldberg Variations
2020-03-06 14:19:18 INFO  myLog:23 - Bach: Orchestral Suites Nos. 1 - 4
2020-03-06 14:19:18 INFO  myLog:23 - Bach: The Brandenburg Concertos
2020-03-06 14:19:18 INFO  myLog:23 - Bach: The Cello Suites
2020-03-06 14:19:18 INFO  myLog:23 - Bach: Toccata & Fugue in D Minor
2020-03-06 14:19:18 INFO  myLog:23 - Bach: Violin Concertos
2020-03-06 14:19:18 INFO  myLog:23 - Back to Black
2020-03-06 14:19:18 INFO  myLog:23 - BackBeat Soundtrack
2020-03-06 14:19:18 INFO  myLog:23 - Balls to the Wall
2020-03-06 14:19:18 INFO  myLog:23 - Bark at the Moon (Remastered)
2020-03-06 14:19:18 INFO  myLog:23 - Bartok: Violin & Viola Concertos
2020-03-06 14:19:18 INFO  myLog:23 - Barulhinho Bom
2020-03-06 14:19:18 INFO  myLog:23 - Battlestar Galactica (Classic), Season 1
2020-03-06 14:19:18 INFO  myLog:23 - Battlestar Galactica, Season 3
2020-03-06 14:19:18 INFO  myLog:23 - Battlestar Galactica: The Story So Far
2020-03-06 14:19:18 INFO  myLog:23 - Beethoven Piano Sonatas: Moonlight & Pastorale
2020-03-06 14:19:18 INFO  myLog:23 - Beethoven: Symhonies Nos. 5 & 6
2020-03-06 14:19:18 INFO  myLog:23 - Beethoven: Symphony No. 6 'Pastoral' Etc.
2020-03-06 14:19:18 INFO  myLog:23 - Berlioz: Symphonie Fantastique
2020-03-06 14:19:18 INFO  myLog:23 - Beyond Good And Evil
2020-03-06 14:19:18 INFO  myLog:23 - Big Ones
2020-03-06 14:19:18 INFO  myLog:23 - Bizet: Carmen Highlights
2020-03-06 14:19:18 INFO  myLog:23 - Black Album
2020-03-06 14:19:18 INFO  myLog:23 - Black Sabbath
2020-03-06 14:19:18 INFO  myLog:23 - Black Sabbath Vol. 4 (Remaster)
2020-03-06 14:19:18 INFO  myLog:23 - Blizzard of Ozz
2020-03-06 14:19:18 INFO  myLog:23 - Blood Sugar Sex Magik
2020-03-06 14:19:18 INFO  myLog:23 - Blue Moods
2020-03-06 14:19:18 INFO  myLog:23 - Body Count
2020-03-06 14:19:18 INFO  myLog:23 - Bongo Fury
2020-03-06 14:19:18 INFO  myLog:23 - Brave New World
2020-03-06 14:19:18 INFO  myLog:23 - By The Way
2020-03-06 14:19:18 INFO  myLog:23 - Cafezinho
2020-03-06 14:19:18 INFO  myLog:23 - Cake: B-Sides and Rarities
2020-03-06 14:19:18 INFO  myLog:23 - Californication
2020-03-06 14:19:18 INFO  myLog:23 - Carmina Burana
2020-03-06 14:19:18 INFO  myLog:23 - Carnaval 2001
2020-03-06 14:19:18 INFO  myLog:23 - Carried to Dust (Bonus Track Version)
2020-03-06 14:19:18 INFO  myLog:23 - Carry On
2020-03-06 14:19:18 INFO  myLog:23 - Cesta Básica
2020-03-06 14:19:18 INFO  myLog:23 - Charpentier: Divertissements, Airs & Concerts
2020-03-06 14:19:18 INFO  myLog:23 - Chemical Wedding
2020-03-06 14:19:18 INFO  myLog:23 - Chill: Brazil (Disc 1)
2020-03-06 14:19:18 INFO  myLog:23 - Chill: Brazil (Disc 2)
2020-03-06 14:19:18 INFO  myLog:23 - Chopin: Piano Concertos Nos. 1 & 2
2020-03-06 14:19:18 INFO  myLog:23 - Chronicle, Vol. 1
2020-03-06 14:19:18 INFO  myLog:23 - Chronicle, Vol. 2
2020-03-06 14:19:18 INFO  myLog:23 - Cidade Negra - Hits
2020-03-06 14:19:18 INFO  myLog:23 - Coda
2020-03-06 14:19:18 INFO  myLog:23 - Come Taste The Band
2020-03-06 14:19:18 INFO  myLog:23 - Compositores
2020-03-06 14:19:18 INFO  myLog:23 - Contraband
2020-03-06 14:19:18 INFO  myLog:23 - Core
2020-03-06 14:19:18 INFO  myLog:23 - Cássia Eller - Coleção Sem Limite [Disc 2]
2020-03-06 14:19:18 INFO  myLog:23 - Cássia Eller - Sem Limite [Disc 1]
2020-03-06 14:19:18 INFO  myLog:23 - Da Lama Ao Caos
2020-03-06 14:19:18 INFO  myLog:23 - Dance Of Death
2020-03-06 14:19:18 INFO  myLog:23 - Dark Side Of The Moon
2020-03-06 14:19:18 INFO  myLog:23 - Deep Purple In Rock
2020-03-06 14:19:18 INFO  myLog:23 - Deixa Entrar
2020-03-06 14:19:18 INFO  myLog:23 - Demorou...
2020-03-06 14:19:18 INFO  myLog:23 - Diary of a Madman (Remastered)
2020-03-06 14:19:18 INFO  myLog:23 - Diver Down
2020-03-06 14:19:18 INFO  myLog:23 - Djavan Ao Vivo - Vol. 02
2020-03-06 14:19:18 INFO  myLog:23 - Djavan Ao Vivo - Vol. 1
2020-03-06 14:19:18 INFO  myLog:23 - Duos II
2020-03-06 14:19:18 INFO  myLog:23 - Elgar: Cello Concerto & Vaughan Williams: Fantasias
2020-03-06 14:19:18 INFO  myLog:23 - Elis Regina-Minha História
2020-03-06 14:19:18 INFO  myLog:23 - Emergency On Planet Earth
2020-03-06 14:19:18 INFO  myLog:23 - English Renaissance
2020-03-06 14:19:18 INFO  myLog:23 - Every Kind of Light
2020-03-06 14:19:18 INFO  myLog:23 - Faceless
2020-03-06 14:19:18 INFO  myLog:23 - Facelift
2020-03-06 14:19:18 INFO  myLog:23 - Fauré: Requiem, Ravel: Pavane & Others
2020-03-06 14:19:18 INFO  myLog:23 - Fear Of The Dark
2020-03-06 14:19:18 INFO  myLog:23 - Fireball
2020-03-06 14:19:18 INFO  myLog:23 - For Those About To Rock We Salute You
2020-03-06 14:19:18 INFO  myLog:23 - Frank
2020-03-06 14:19:18 INFO  myLog:23 - From The Muddy Banks Of The Wishkah [Live]
2020-03-06 14:19:18 INFO  myLog:23 - Garage Inc. (Disc 1)
2020-03-06 14:19:18 INFO  myLog:23 - Garage Inc. (Disc 2)
2020-03-06 14:19:18 INFO  myLog:23 - Get Born
2020-03-06 14:19:18 INFO  myLog:23 - Great Opera Choruses
2020-03-06 14:19:18 INFO  myLog:23 - Great Performances - Barber's Adagio and Other Romantic Favorites for Strings
2020-03-06 14:19:18 INFO  myLog:23 - Great Recordings of the Century - Mahler: Das Lied von der Erde
2020-03-06 14:19:18 INFO  myLog:23 - Great Recordings of the Century - Shubert: Schwanengesang, 4 Lieder
2020-03-06 14:19:18 INFO  myLog:23 - Great Recordings of the Century: Paganini's 24 Caprices
2020-03-06 14:19:18 INFO  myLog:23 - Greatest Hits
2020-03-06 14:19:18 INFO  myLog:23 - Greatest Hits I
2020-03-06 14:19:18 INFO  myLog:23 - Greatest Hits II
2020-03-06 14:19:18 INFO  myLog:23 - Greatest Kiss
2020-03-06 14:19:18 INFO  myLog:23 - Green
2020-03-06 14:19:18 INFO  myLog:23 - Grieg: Peer Gynt Suites & Sibelius: Pelléas et Mélisande
2020-03-06 14:19:18 INFO  myLog:23 - Górecki: Symphony No. 3
2020-03-06 14:19:18 INFO  myLog:23 - Handel: Music for the Royal Fireworks (Original Version 1749)
2020-03-06 14:19:18 INFO  myLog:23 - Handel: The Messiah (Highlights)
2020-03-06 14:19:18 INFO  myLog:23 - Haydn: Symphonies 99 - 104
2020-03-06 14:19:18 INFO  myLog:23 - Heart of the Night
2020-03-06 14:19:18 INFO  myLog:23 - Heroes, Season 1
2020-03-06 14:19:18 INFO  myLog:23 - Holst: The Planets, Op. 32 & Vaughan Williams: Fantasies
2020-03-06 14:19:18 INFO  myLog:23 - Hot Rocks, 1964-1971 (Disc 1)
2020-03-06 14:19:18 INFO  myLog:23 - House of Pain
2020-03-06 14:19:18 INFO  myLog:23 - Houses Of The Holy
2020-03-06 14:19:18 INFO  myLog:23 - How To Dismantle An Atomic Bomb
2020-03-06 14:19:18 INFO  myLog:23 - IV
2020-03-06 14:19:18 INFO  myLog:23 - In Step
2020-03-06 14:19:18 INFO  myLog:23 - In Through The Out Door
2020-03-06 14:19:18 INFO  myLog:23 - In Your Honor [Disc 1]
2020-03-06 14:19:18 INFO  myLog:23 - In Your Honor [Disc 2]
2020-03-06 14:19:18 INFO  myLog:23 - Instant Karma: The Amnesty International Campaign to Save Darfur
2020-03-06 14:19:18 INFO  myLog:23 - International Superhits
2020-03-06 14:19:18 INFO  myLog:23 - Into The Light
2020-03-06 14:19:18 INFO  myLog:23 - Iron Maiden
2020-03-06 14:19:18 INFO  myLog:23 - J.S. Bach: Chaconne, Suite in E Minor, Partita in E Major & Prelude, Fugue and Allegro
2020-03-06 14:19:18 INFO  myLog:23 - Jagged Little Pill
2020-03-06 14:19:18 INFO  myLog:23 - Jorge Ben Jor 25 Anos
2020-03-06 14:19:18 INFO  myLog:23 - Jota Quest-1995
2020-03-06 14:19:18 INFO  myLog:23 - Judas 0: B-Sides and Rarities
2020-03-06 14:19:18 INFO  myLog:23 - Kill 'Em All
2020-03-06 14:19:18 INFO  myLog:23 - Killers
2020-03-06 14:19:18 INFO  myLog:23 - King For A Day Fool For A Lifetime
2020-03-06 14:19:18 INFO  myLog:23 - Knocking at Your Back Door: The Best Of Deep Purple in the 80's
2020-03-06 14:19:18 INFO  myLog:23 - Koyaanisqatsi (Soundtrack from the Motion Picture)
2020-03-06 14:19:18 INFO  myLog:23 - LOST, Season 4
2020-03-06 14:19:18 INFO  myLog:23 - Led Zeppelin I
2020-03-06 14:19:18 INFO  myLog:23 - Led Zeppelin II
2020-03-06 14:19:18 INFO  myLog:23 - Led Zeppelin III
2020-03-06 14:19:18 INFO  myLog:23 - Let There Be Rock
2020-03-06 14:19:18 INFO  myLog:23 - Liszt - 12 Études D'Execution Transcendante
2020-03-06 14:19:18 INFO  myLog:23 - Live After Death
2020-03-06 14:19:18 INFO  myLog:23 - Live At Donington 1992 (Disc 1)
2020-03-06 14:19:18 INFO  myLog:23 - Live At Donington 1992 (Disc 2)
2020-03-06 14:19:18 INFO  myLog:23 - Live On Two Legs [Live]
2020-03-06 14:19:18 INFO  myLog:23 - Live [Disc 1]
2020-03-06 14:19:18 INFO  myLog:23 - Live [Disc 2]
2020-03-06 14:19:18 INFO  myLog:23 - Living After Midnight
2020-03-06 14:19:18 INFO  myLog:23 - Load
2020-03-06 14:19:18 INFO  myLog:23 - Locatelli: Concertos for Violin, Strings and Continuo, Vol. 3
2020-03-06 14:19:18 INFO  myLog:23 - Lost, Season 1
2020-03-06 14:19:18 INFO  myLog:23 - Lost, Season 2
2020-03-06 14:19:18 INFO  myLog:23 - Lost, Season 3
2020-03-06 14:19:18 INFO  myLog:23 - Lulu Santos - RCA 100 Anos De Música - Álbum 01
2020-03-06 14:19:18 INFO  myLog:23 - Lulu Santos - RCA 100 Anos De Música - Álbum 02
2020-03-06 14:19:18 INFO  myLog:23 - MK III The Final Concerts [Disc 1]
2020-03-06 14:19:18 INFO  myLog:23 - Machine Head
2020-03-06 14:19:18 INFO  myLog:23 - Mais Do Mesmo
2020-03-06 14:19:18 INFO  myLog:23 - Maquinarama
2020-03-06 14:19:18 INFO  myLog:23 - Mascagni: Cavalleria Rusticana
2020-03-06 14:19:18 INFO  myLog:23 - Master Of Puppets
2020-03-06 14:19:18 INFO  myLog:23 - Mendelssohn: A Midsummer Night's Dream
2020-03-06 14:19:18 INFO  myLog:23 - Meus Momentos
2020-03-06 14:19:18 INFO  myLog:23 - Mezmerize
2020-03-06 14:19:18 INFO  myLog:23 - Miles Ahead
2020-03-06 14:19:18 INFO  myLog:23 - Milton Nascimento Ao Vivo
2020-03-06 14:19:18 INFO  myLog:23 - Minas
2020-03-06 14:19:18 INFO  myLog:23 - Minha Historia
2020-03-06 14:19:18 INFO  myLog:23 - Minha História
2020-03-06 14:19:18 INFO  myLog:23 - Misplaced Childhood
2020-03-06 14:19:18 INFO  myLog:23 - Monteverdi: L'Orfeo
2020-03-06 14:19:18 INFO  myLog:23 - Morning Dance
2020-03-06 14:19:18 INFO  myLog:23 - Motley Crue Greatest Hits
2020-03-06 14:19:18 INFO  myLog:23 - Mozart Gala: Famous Arias
2020-03-06 14:19:18 INFO  myLog:23 - Mozart: Chamber Music
2020-03-06 14:19:18 INFO  myLog:23 - Mozart: Symphonies Nos. 40 & 41
2020-03-06 14:19:18 INFO  myLog:23 - Mozart: Wind Concertos
2020-03-06 14:19:18 INFO  myLog:23 - Muso Ko
2020-03-06 14:19:18 INFO  myLog:23 - My Generation - The Very Best Of The Who
2020-03-06 14:19:18 INFO  myLog:23 - My Way: The Best Of Frank Sinatra [Disc 1]
2020-03-06 14:19:18 INFO  myLog:23 - Na Pista
2020-03-06 14:19:18 INFO  myLog:23 - Nevermind
2020-03-06 14:19:18 INFO  myLog:23 - New Adventures In Hi-Fi
2020-03-06 14:19:18 INFO  myLog:23 - News Of The World
2020-03-06 14:19:18 INFO  myLog:23 - Nielsen: The Six Symphonies
2020-03-06 14:19:18 INFO  myLog:23 - No More Tears (Remastered)
2020-03-06 14:19:18 INFO  myLog:23 - No Prayer For The Dying
2020-03-06 14:19:18 INFO  myLog:23 - No Security
2020-03-06 14:19:18 INFO  myLog:23 - O Samba Poconé
2020-03-06 14:19:18 INFO  myLog:23 - Olodum
2020-03-06 14:19:18 INFO  myLog:23 - One By One
2020-03-06 14:19:18 INFO  myLog:23 - Original Soundtracks 1
2020-03-06 14:19:18 INFO  myLog:23 - Os Cães Ladram Mas A Caravana Não Pára
2020-03-06 14:19:18 INFO  myLog:23 - Out Of Exile
2020-03-06 14:19:18 INFO  myLog:23 - Out Of Time
2020-03-06 14:19:18 INFO  myLog:23 - Outbreak
2020-03-06 14:19:18 INFO  myLog:23 - Pachelbel: Canon & Gigue
2020-03-06 14:19:18 INFO  myLog:23 - Palestrina: Missa Papae Marcelli & Allegri: Miserere
2020-03-06 14:19:18 INFO  myLog:23 - Pavarotti's Opera Made Easy
2020-03-06 14:19:18 INFO  myLog:23 - Pearl Jam
2020-03-06 14:19:18 INFO  myLog:23 - Physical Graffiti [Disc 1]
2020-03-06 14:19:18 INFO  myLog:23 - Physical Graffiti [Disc 2]
2020-03-06 14:19:18 INFO  myLog:23 - Piece Of Mind
2020-03-06 14:19:18 INFO  myLog:23 - Plays Metallica By Four Cellos
2020-03-06 14:19:18 INFO  myLog:23 - Pop
2020-03-06 14:19:18 INFO  myLog:23 - Powerslave
2020-03-06 14:19:18 INFO  myLog:23 - Prenda Minha
2020-03-06 14:19:18 INFO  myLog:23 - Presence
2020-03-06 14:19:18 INFO  myLog:23 - Prokofiev: Romeo & Juliet
2020-03-06 14:19:18 INFO  myLog:23 - Prokofiev: Symphony No.1
2020-03-06 14:19:18 INFO  myLog:23 - Prokofiev: Symphony No.5 & Stravinksy: Le Sacre Du Printemps
2020-03-06 14:19:18 INFO  myLog:23 - Puccini: Madama Butterfly - Highlights
2020-03-06 14:19:18 INFO  myLog:23 - Purcell: Music for the Queen Mary
2020-03-06 14:19:18 INFO  myLog:23 - Purcell: The Fairy Queen
2020-03-06 14:19:18 INFO  myLog:23 - Pure Cult: The Best Of The Cult (For Rockers, Ravers, Lovers & Sinners) [UK]
2020-03-06 14:19:18 INFO  myLog:23 - Purpendicular
2020-03-06 14:19:18 INFO  myLog:23 - Quanta Gente Veio Ver (Live)
2020-03-06 14:19:18 INFO  myLog:23 - Quanta Gente Veio ver--Bônus De Carnaval
2020-03-06 14:19:18 INFO  myLog:23 - Quiet Songs
2020-03-06 14:19:18 INFO  myLog:23 - Radio Brasil (O Som da Jovem Vanguarda) - Seleccao de Henrique Amaro
2020-03-06 14:19:18 INFO  myLog:23 - Rattle And Hum
2020-03-06 14:19:18 INFO  myLog:23 - Raul Seixas
2020-03-06 14:19:18 INFO  myLog:23 - ReLoad
2020-03-06 14:19:18 INFO  myLog:23 - Realize
2020-03-06 14:19:18 INFO  myLog:23 - Respighi:Pines of Rome
2020-03-06 14:19:18 INFO  myLog:23 - Restless and Wild
2020-03-06 14:19:18 INFO  myLog:23 - Retrospective I (1974-1980)
2020-03-06 14:19:18 INFO  myLog:23 - Revelations
2020-03-06 14:19:18 INFO  myLog:23 - Ride The Lightning
2020-03-06 14:19:18 INFO  myLog:23 - Riot Act
2020-03-06 14:19:18 INFO  myLog:23 - Rock In Rio [CD1]
2020-03-06 14:19:18 INFO  myLog:23 - Rock In Rio [CD2]
2020-03-06 14:19:18 INFO  myLog:23 - Roda De Funk
2020-03-06 14:19:18 INFO  myLog:23 - Rotten Apples: Greatest Hits
2020-03-06 14:19:18 INFO  myLog:23 - SCRIABIN: Vers la flamme
2020-03-06 14:19:18 INFO  myLog:23 - Sambas De Enredo 2001
2020-03-06 14:19:18 INFO  myLog:23 - Santana - As Years Go By
2020-03-06 14:19:18 INFO  myLog:23 - Santana Live
2020-03-06 14:19:18 INFO  myLog:23 - Scheherazade
2020-03-06 14:19:18 INFO  myLog:23 - Schubert: The Late String Quartets & String Quintet (3 CD's)
2020-03-06 14:19:18 INFO  myLog:23 - Seek And Shall Find: More Of The Best (1963-1981)
2020-03-06 14:19:18 INFO  myLog:23 - Serie Sem Limite (Disc 1)
2020-03-06 14:19:18 INFO  myLog:23 - Serie Sem Limite (Disc 2)
2020-03-06 14:19:18 INFO  myLog:23 - Seventh Son of a Seventh Son
2020-03-06 14:19:18 INFO  myLog:23 - Sex Machine
2020-03-06 14:19:18 INFO  myLog:23 - Sibelius: Finlandia
2020-03-06 14:19:18 INFO  myLog:23 - Sir Neville Marriner: A Celebration
2020-03-06 14:19:18 INFO  myLog:23 - Slaves And Masters
2020-03-06 14:19:18 INFO  myLog:23 - Somewhere in Time
2020-03-06 14:19:18 INFO  myLog:23 - South American Getaway
2020-03-06 14:19:18 INFO  myLog:23 - Sozinho Remix Ao Vivo
2020-03-06 14:19:18 INFO  myLog:23 - Speak of the Devil
2020-03-06 14:19:18 INFO  myLog:23 - St. Anger
2020-03-06 14:19:18 INFO  myLog:23 - Stormbringer
2020-03-06 14:19:18 INFO  myLog:23 - Strauss: Waltzes
2020-03-06 14:19:18 INFO  myLog:23 - Supernatural
2020-03-06 14:19:18 INFO  myLog:23 - Surfing with the Alien (Remastered)
2020-03-06 14:19:18 INFO  myLog:23 - Synkronized
2020-03-06 14:19:18 INFO  myLog:23 - Szymanowski: Piano Works, Vol. 1
2020-03-06 14:19:18 INFO  myLog:23 - Tangents
2020-03-06 14:19:18 INFO  myLog:23 - Tchaikovsky: 1812 Festival Overture, Op.49, Capriccio Italien & Beethoven: Wellington's Victory
2020-03-06 14:19:18 INFO  myLog:23 - Tchaikovsky: The Nutcracker
2020-03-06 14:19:18 INFO  myLog:23 - Temple of the Dog
2020-03-06 14:19:18 INFO  myLog:23 - Ten
2020-03-06 14:19:18 INFO  myLog:23 - The Battle Rages On
2020-03-06 14:19:18 INFO  myLog:23 - The Beast Live
2020-03-06 14:19:18 INFO  myLog:23 - The Best Of 1980-1990
2020-03-06 14:19:18 INFO  myLog:23 - The Best Of Billy Cobham
2020-03-06 14:19:18 INFO  myLog:23 - The Best Of Buddy Guy - The Millenium Collection
2020-03-06 14:19:18 INFO  myLog:23 - The Best Of Men At Work
2020-03-06 14:19:18 INFO  myLog:23 - The Best Of R.E.M.: The IRS Years
2020-03-06 14:19:18 INFO  myLog:23 - The Best Of Van Halen, Vol. I
2020-03-06 14:19:18 INFO  myLog:23 - The Best of Beethoven
2020-03-06 14:19:18 INFO  myLog:23 - The Best of Ed Motta
2020-03-06 14:19:18 INFO  myLog:23 - The Colour And The Shape
2020-03-06 14:19:18 INFO  myLog:23 - The Cream Of Clapton
2020-03-06 14:19:18 INFO  myLog:23 - The Doors
2020-03-06 14:19:18 INFO  myLog:23 - The Essential Miles Davis [Disc 1]
2020-03-06 14:19:18 INFO  myLog:23 - The Essential Miles Davis [Disc 2]
2020-03-06 14:19:18 INFO  myLog:23 - The Final Concerts (Disc 2)
2020-03-06 14:19:18 INFO  myLog:23 - The Last Night of the Proms
2020-03-06 14:19:18 INFO  myLog:23 - The Number of The Beast
2020-03-06 14:19:18 INFO  myLog:23 - The Office, Season 1
2020-03-06 14:19:18 INFO  myLog:23 - The Office, Season 2
2020-03-06 14:19:18 INFO  myLog:23 - The Office, Season 3
2020-03-06 14:19:18 INFO  myLog:23 - The Police Greatest Hits
2020-03-06 14:19:18 INFO  myLog:23 - The Real Thing
2020-03-06 14:19:18 INFO  myLog:23 - The Return Of The Space Cowboy
2020-03-06 14:19:18 INFO  myLog:23 - The Singles
2020-03-06 14:19:18 INFO  myLog:23 - The Song Remains The Same (Disc 1)
2020-03-06 14:19:18 INFO  myLog:23 - The Song Remains The Same (Disc 2)
2020-03-06 14:19:18 INFO  myLog:23 - The Ultimate Relexation Album
2020-03-06 14:19:18 INFO  myLog:23 - The World of Classical Favourites
2020-03-06 14:19:18 INFO  myLog:23 - The X Factor
2020-03-06 14:19:18 INFO  myLog:23 - Transmission
2020-03-06 14:19:18 INFO  myLog:23 - Tribute
2020-03-06 14:19:18 INFO  myLog:23 - UB40 The Best Of - Volume Two [UK]
2020-03-06 14:19:18 INFO  myLog:23 - Un-Led-Ed
2020-03-06 14:19:18 INFO  myLog:23 - Unplugged
2020-03-06 14:19:18 INFO  myLog:23 - Unplugged [Live]
2020-03-06 14:19:18 INFO  myLog:23 - Up An' Atom
2020-03-06 14:19:18 INFO  myLog:23 - Use Your Illusion I
2020-03-06 14:19:18 INFO  myLog:23 - Use Your Illusion II
2020-03-06 14:19:18 INFO  myLog:23 - Van Halen
2020-03-06 14:19:18 INFO  myLog:23 - Van Halen III
2020-03-06 14:19:18 INFO  myLog:23 - Vault: Def Leppard's Greatest Hits
2020-03-06 14:19:18 INFO  myLog:23 - Vinicius De Moraes
2020-03-06 14:19:18 INFO  myLog:23 - Vinícius De Moraes - Sem Limite
2020-03-06 14:19:18 INFO  myLog:23 - Virtual XI
2020-03-06 14:19:18 INFO  myLog:23 - Vivaldi: The Four Seasons
2020-03-06 14:19:18 INFO  myLog:23 - Volume Dois
2020-03-06 14:19:18 INFO  myLog:23 - Voodoo Lounge
2020-03-06 14:19:18 INFO  myLog:23 - Vozes do MPB
2020-03-06 14:19:18 INFO  myLog:23 - Vs.
2020-03-06 14:19:18 INFO  myLog:23 - Wagner: Favourite Overtures
2020-03-06 14:19:18 INFO  myLog:23 - Walking Into Clarksdale
2020-03-06 14:19:18 INFO  myLog:23 - War
2020-03-06 14:19:18 INFO  myLog:23 - Warner 25 Anos
2020-03-06 14:19:18 INFO  myLog:23 - Weill: The Seven Deadly Sins
2020-03-06 14:19:18 INFO  myLog:23 - Worlds
2020-03-06 14:19:18 INFO  myLog:23 - Zooropa
2020-03-06 14:19:18 INFO  myLog:23 - [1997] Black Light Syndrome
2020-03-06 14:21:20 ERROR myLog:8 - ERROR
2020-03-06 14:21:20 INFO  myLog:11 - Just an Info
2020-03-06 14:21:21 INFO  myLog:23 - ...And Justice For All
2020-03-06 14:21:21 INFO  myLog:23 - 20th Century Masters - The Millennium Collection: The Best of Scorpions
2020-03-06 14:21:21 INFO  myLog:23 - A Copland Celebration, Vol. I
2020-03-06 14:21:21 INFO  myLog:23 - A Matter of Life and Death
2020-03-06 14:21:21 INFO  myLog:23 - A Real Dead One
2020-03-06 14:21:21 INFO  myLog:23 - A Real Live One
2020-03-06 14:21:21 INFO  myLog:23 - A Soprano Inspired
2020-03-06 14:21:21 INFO  myLog:23 - A TempestadeTempestade Ou O Livro Dos Dias
2020-03-06 14:21:21 INFO  myLog:23 - A-Sides
2020-03-06 14:21:21 INFO  myLog:23 - Ace Of Spades
2020-03-06 14:21:21 INFO  myLog:23 - Achtung Baby
2020-03-06 14:21:21 INFO  myLog:23 - Acústico
2020-03-06 14:21:21 INFO  myLog:23 - Acústico MTV
2020-03-06 14:21:21 INFO  myLog:23 - Acústico MTV [Live]
2020-03-06 14:21:21 INFO  myLog:23 - Adams, John: The Chairman Dances
2020-03-06 14:21:21 INFO  myLog:23 - Adorate Deum: Gregorian Chant from the Proper of the Mass
2020-03-06 14:21:21 INFO  myLog:23 - Afrociberdelia
2020-03-06 14:21:21 INFO  myLog:23 - Album Of The Year
2020-03-06 14:21:21 INFO  myLog:23 - Alcohol Fueled Brewtality Live! [Disc 1]
2020-03-06 14:21:21 INFO  myLog:23 - Alcohol Fueled Brewtality Live! [Disc 2]
2020-03-06 14:21:21 INFO  myLog:23 - All That You Can't Leave Behind
2020-03-06 14:21:21 INFO  myLog:23 - Allegri: Miserere
2020-03-06 14:21:21 INFO  myLog:23 - American Idiot
2020-03-06 14:21:21 INFO  myLog:23 - Angel Dust
2020-03-06 14:21:21 INFO  myLog:23 - Ao Vivo [IMPORT]
2020-03-06 14:21:21 INFO  myLog:23 - Appetite for Destruction
2020-03-06 14:21:21 INFO  myLog:23 - Aquaman
2020-03-06 14:21:21 INFO  myLog:23 - Are You Experienced?
2020-03-06 14:21:21 INFO  myLog:23 - Armada: Music from the Courts of England and Spain
2020-03-06 14:21:21 INFO  myLog:23 - Arquivo II
2020-03-06 14:21:21 INFO  myLog:23 - Arquivo Os Paralamas Do Sucesso
2020-03-06 14:21:21 INFO  myLog:23 - As Canções de Eu Tu Eles
2020-03-06 14:21:21 INFO  myLog:23 - Audioslave
2020-03-06 14:21:21 INFO  myLog:23 - Axé Bahia 2001
2020-03-06 14:21:21 INFO  myLog:23 - B-Sides 1980-1990
2020-03-06 14:21:21 INFO  myLog:23 - BBC Sessions [Disc 1] [Live]
2020-03-06 14:21:21 INFO  myLog:23 - BBC Sessions [Disc 2] [Live]
2020-03-06 14:21:21 INFO  myLog:23 - Bach: Goldberg Variations
2020-03-06 14:21:21 INFO  myLog:23 - Bach: Orchestral Suites Nos. 1 - 4
2020-03-06 14:21:21 INFO  myLog:23 - Bach: The Brandenburg Concertos
2020-03-06 14:21:21 INFO  myLog:23 - Bach: The Cello Suites
2020-03-06 14:21:21 INFO  myLog:23 - Bach: Toccata & Fugue in D Minor
2020-03-06 14:21:21 INFO  myLog:23 - Bach: Violin Concertos
2020-03-06 14:21:21 INFO  myLog:23 - Back to Black
2020-03-06 14:21:21 INFO  myLog:23 - BackBeat Soundtrack
2020-03-06 14:21:21 INFO  myLog:23 - Balls to the Wall
2020-03-06 14:21:21 INFO  myLog:23 - Bark at the Moon (Remastered)
2020-03-06 14:21:21 INFO  myLog:23 - Bartok: Violin & Viola Concertos
2020-03-06 14:21:21 INFO  myLog:23 - Barulhinho Bom
2020-03-06 14:21:21 INFO  myLog:23 - Battlestar Galactica (Classic), Season 1
2020-03-06 14:21:21 INFO  myLog:23 - Battlestar Galactica, Season 3
2020-03-06 14:21:21 INFO  myLog:23 - Battlestar Galactica: The Story So Far
2020-03-06 14:21:21 INFO  myLog:23 - Beethoven Piano Sonatas: Moonlight & Pastorale
2020-03-06 14:21:21 INFO  myLog:23 - Beethoven: Symhonies Nos. 5 & 6
2020-03-06 14:21:21 INFO  myLog:23 - Beethoven: Symphony No. 6 'Pastoral' Etc.
2020-03-06 14:21:21 INFO  myLog:23 - Berlioz: Symphonie Fantastique
2020-03-06 14:21:21 INFO  myLog:23 - Beyond Good And Evil
2020-03-06 14:21:21 INFO  myLog:23 - Big Ones
2020-03-06 14:21:21 INFO  myLog:23 - Bizet: Carmen Highlights
2020-03-06 14:21:21 INFO  myLog:23 - Black Album
2020-03-06 14:21:21 INFO  myLog:23 - Black Sabbath
2020-03-06 14:21:21 INFO  myLog:23 - Black Sabbath Vol. 4 (Remaster)
2020-03-06 14:21:21 INFO  myLog:23 - Blizzard of Ozz
2020-03-06 14:21:21 INFO  myLog:23 - Blood Sugar Sex Magik
2020-03-06 14:21:21 INFO  myLog:23 - Blue Moods
2020-03-06 14:21:21 INFO  myLog:23 - Body Count
2020-03-06 14:21:21 INFO  myLog:23 - Bongo Fury
2020-03-06 14:21:21 INFO  myLog:23 - Brave New World
2020-03-06 14:21:21 INFO  myLog:23 - By The Way
2020-03-06 14:21:21 INFO  myLog:23 - Cafezinho
2020-03-06 14:21:21 INFO  myLog:23 - Cake: B-Sides and Rarities
2020-03-06 14:21:21 INFO  myLog:23 - Californication
2020-03-06 14:21:21 INFO  myLog:23 - Carmina Burana
2020-03-06 14:21:21 INFO  myLog:23 - Carnaval 2001
2020-03-06 14:21:21 INFO  myLog:23 - Carried to Dust (Bonus Track Version)
2020-03-06 14:21:21 INFO  myLog:23 - Carry On
2020-03-06 14:21:21 INFO  myLog:23 - Cesta Básica
2020-03-06 14:21:21 INFO  myLog:23 - Charpentier: Divertissements, Airs & Concerts
2020-03-06 14:21:21 INFO  myLog:23 - Chemical Wedding
2020-03-06 14:21:21 INFO  myLog:23 - Chill: Brazil (Disc 1)
2020-03-06 14:21:21 INFO  myLog:23 - Chill: Brazil (Disc 2)
2020-03-06 14:21:21 INFO  myLog:23 - Chopin: Piano Concertos Nos. 1 & 2
2020-03-06 14:21:21 INFO  myLog:23 - Chronicle, Vol. 1
2020-03-06 14:21:21 INFO  myLog:23 - Chronicle, Vol. 2
2020-03-06 14:21:21 INFO  myLog:23 - Cidade Negra - Hits
2020-03-06 14:21:21 INFO  myLog:23 - Coda
2020-03-06 14:21:21 INFO  myLog:23 - Come Taste The Band
2020-03-06 14:21:21 INFO  myLog:23 - Compositores
2020-03-06 14:21:21 INFO  myLog:23 - Contraband
2020-03-06 14:21:21 INFO  myLog:23 - Core
2020-03-06 14:21:21 INFO  myLog:23 - Cássia Eller - Coleção Sem Limite [Disc 2]
2020-03-06 14:21:21 INFO  myLog:23 - Cássia Eller - Sem Limite [Disc 1]
2020-03-06 14:21:21 INFO  myLog:23 - Da Lama Ao Caos
2020-03-06 14:21:21 INFO  myLog:23 - Dance Of Death
2020-03-06 14:21:21 INFO  myLog:23 - Dark Side Of The Moon
2020-03-06 14:21:21 INFO  myLog:23 - Deep Purple In Rock
2020-03-06 14:21:21 INFO  myLog:23 - Deixa Entrar
2020-03-06 14:21:21 INFO  myLog:23 - Demorou...
2020-03-06 14:21:21 INFO  myLog:23 - Diary of a Madman (Remastered)
2020-03-06 14:21:21 INFO  myLog:23 - Diver Down
2020-03-06 14:21:21 INFO  myLog:23 - Djavan Ao Vivo - Vol. 02
2020-03-06 14:21:21 INFO  myLog:23 - Djavan Ao Vivo - Vol. 1
2020-03-06 14:21:21 INFO  myLog:23 - Duos II
2020-03-06 14:21:21 INFO  myLog:23 - Elgar: Cello Concerto & Vaughan Williams: Fantasias
2020-03-06 14:21:21 INFO  myLog:23 - Elis Regina-Minha História
2020-03-06 14:21:21 INFO  myLog:23 - Emergency On Planet Earth
2020-03-06 14:21:21 INFO  myLog:23 - English Renaissance
2020-03-06 14:21:21 INFO  myLog:23 - Every Kind of Light
2020-03-06 14:21:21 INFO  myLog:23 - Faceless
2020-03-06 14:21:21 INFO  myLog:23 - Facelift
2020-03-06 14:21:21 INFO  myLog:23 - Fauré: Requiem, Ravel: Pavane & Others
2020-03-06 14:21:21 INFO  myLog:23 - Fear Of The Dark
2020-03-06 14:21:21 INFO  myLog:23 - Fireball
2020-03-06 14:21:21 INFO  myLog:23 - For Those About To Rock We Salute You
2020-03-06 14:21:21 INFO  myLog:23 - Frank
2020-03-06 14:21:21 INFO  myLog:23 - From The Muddy Banks Of The Wishkah [Live]
2020-03-06 14:21:21 INFO  myLog:23 - Garage Inc. (Disc 1)
2020-03-06 14:21:21 INFO  myLog:23 - Garage Inc. (Disc 2)
2020-03-06 14:21:21 INFO  myLog:23 - Get Born
2020-03-06 14:21:21 INFO  myLog:23 - Great Opera Choruses
2020-03-06 14:21:21 INFO  myLog:23 - Great Performances - Barber's Adagio and Other Romantic Favorites for Strings
2020-03-06 14:21:21 INFO  myLog:23 - Great Recordings of the Century - Mahler: Das Lied von der Erde
2020-03-06 14:21:21 INFO  myLog:23 - Great Recordings of the Century - Shubert: Schwanengesang, 4 Lieder
2020-03-06 14:21:21 INFO  myLog:23 - Great Recordings of the Century: Paganini's 24 Caprices
2020-03-06 14:21:21 INFO  myLog:23 - Greatest Hits
2020-03-06 14:21:21 INFO  myLog:23 - Greatest Hits I
2020-03-06 14:21:21 INFO  myLog:23 - Greatest Hits II
2020-03-06 14:21:21 INFO  myLog:23 - Greatest Kiss
2020-03-06 14:21:21 INFO  myLog:23 - Green
2020-03-06 14:21:21 INFO  myLog:23 - Grieg: Peer Gynt Suites & Sibelius: Pelléas et Mélisande
2020-03-06 14:21:21 INFO  myLog:23 - Górecki: Symphony No. 3
2020-03-06 14:21:21 INFO  myLog:23 - Handel: Music for the Royal Fireworks (Original Version 1749)
2020-03-06 14:21:21 INFO  myLog:23 - Handel: The Messiah (Highlights)
2020-03-06 14:21:21 INFO  myLog:23 - Haydn: Symphonies 99 - 104
2020-03-06 14:21:21 INFO  myLog:23 - Heart of the Night
2020-03-06 14:21:21 INFO  myLog:23 - Heroes, Season 1
2020-03-06 14:21:21 INFO  myLog:23 - Holst: The Planets, Op. 32 & Vaughan Williams: Fantasies
2020-03-06 14:21:21 INFO  myLog:23 - Hot Rocks, 1964-1971 (Disc 1)
2020-03-06 14:21:21 INFO  myLog:23 - House of Pain
2020-03-06 14:21:21 INFO  myLog:23 - Houses Of The Holy
2020-03-06 14:21:21 INFO  myLog:23 - How To Dismantle An Atomic Bomb
2020-03-06 14:21:21 INFO  myLog:23 - IV
2020-03-06 14:21:21 INFO  myLog:23 - In Step
2020-03-06 14:21:21 INFO  myLog:23 - In Through The Out Door
2020-03-06 14:21:21 INFO  myLog:23 - In Your Honor [Disc 1]
2020-03-06 14:21:21 INFO  myLog:23 - In Your Honor [Disc 2]
2020-03-06 14:21:21 INFO  myLog:23 - Instant Karma: The Amnesty International Campaign to Save Darfur
2020-03-06 14:21:21 INFO  myLog:23 - International Superhits
2020-03-06 14:21:21 INFO  myLog:23 - Into The Light
2020-03-06 14:21:21 INFO  myLog:23 - Iron Maiden
2020-03-06 14:21:21 INFO  myLog:23 - J.S. Bach: Chaconne, Suite in E Minor, Partita in E Major & Prelude, Fugue and Allegro
2020-03-06 14:21:21 INFO  myLog:23 - Jagged Little Pill
2020-03-06 14:21:21 INFO  myLog:23 - Jorge Ben Jor 25 Anos
2020-03-06 14:21:21 INFO  myLog:23 - Jota Quest-1995
2020-03-06 14:21:21 INFO  myLog:23 - Judas 0: B-Sides and Rarities
2020-03-06 14:21:21 INFO  myLog:23 - Kill 'Em All
2020-03-06 14:21:21 INFO  myLog:23 - Killers
2020-03-06 14:21:21 INFO  myLog:23 - King For A Day Fool For A Lifetime
2020-03-06 14:21:21 INFO  myLog:23 - Knocking at Your Back Door: The Best Of Deep Purple in the 80's
2020-03-06 14:21:21 INFO  myLog:23 - Koyaanisqatsi (Soundtrack from the Motion Picture)
2020-03-06 14:21:21 INFO  myLog:23 - LOST, Season 4
2020-03-06 14:21:21 INFO  myLog:23 - Led Zeppelin I
2020-03-06 14:21:21 INFO  myLog:23 - Led Zeppelin II
2020-03-06 14:21:21 INFO  myLog:23 - Led Zeppelin III
2020-03-06 14:21:21 INFO  myLog:23 - Let There Be Rock
2020-03-06 14:21:21 INFO  myLog:23 - Liszt - 12 Études D'Execution Transcendante
2020-03-06 14:21:21 INFO  myLog:23 - Live After Death
2020-03-06 14:21:21 INFO  myLog:23 - Live At Donington 1992 (Disc 1)
2020-03-06 14:21:21 INFO  myLog:23 - Live At Donington 1992 (Disc 2)
2020-03-06 14:21:21 INFO  myLog:23 - Live On Two Legs [Live]
2020-03-06 14:21:21 INFO  myLog:23 - Live [Disc 1]
2020-03-06 14:21:21 INFO  myLog:23 - Live [Disc 2]
2020-03-06 14:21:21 INFO  myLog:23 - Living After Midnight
2020-03-06 14:21:21 INFO  myLog:23 - Load
2020-03-06 14:21:21 INFO  myLog:23 - Locatelli: Concertos for Violin, Strings and Continuo, Vol. 3
2020-03-06 14:21:21 INFO  myLog:23 - Lost, Season 1
2020-03-06 14:21:21 INFO  myLog:23 - Lost, Season 2
2020-03-06 14:21:21 INFO  myLog:23 - Lost, Season 3
2020-03-06 14:21:21 INFO  myLog:23 - Lulu Santos - RCA 100 Anos De Música - Álbum 01
2020-03-06 14:21:21 INFO  myLog:23 - Lulu Santos - RCA 100 Anos De Música - Álbum 02
2020-03-06 14:21:21 INFO  myLog:23 - MK III The Final Concerts [Disc 1]
2020-03-06 14:21:21 INFO  myLog:23 - Machine Head
2020-03-06 14:21:21 INFO  myLog:23 - Mais Do Mesmo
2020-03-06 14:21:21 INFO  myLog:23 - Maquinarama
2020-03-06 14:21:21 INFO  myLog:23 - Mascagni: Cavalleria Rusticana
2020-03-06 14:21:21 INFO  myLog:23 - Master Of Puppets
2020-03-06 14:21:21 INFO  myLog:23 - Mendelssohn: A Midsummer Night's Dream
2020-03-06 14:21:21 INFO  myLog:23 - Meus Momentos
2020-03-06 14:21:21 INFO  myLog:23 - Mezmerize
2020-03-06 14:21:21 INFO  myLog:23 - Miles Ahead
2020-03-06 14:21:21 INFO  myLog:23 - Milton Nascimento Ao Vivo
2020-03-06 14:21:21 INFO  myLog:23 - Minas
2020-03-06 14:21:21 INFO  myLog:23 - Minha Historia
2020-03-06 14:21:21 INFO  myLog:23 - Minha História
2020-03-06 14:21:21 INFO  myLog:23 - Misplaced Childhood
2020-03-06 14:21:21 INFO  myLog:23 - Monteverdi: L'Orfeo
2020-03-06 14:21:21 INFO  myLog:23 - Morning Dance
2020-03-06 14:21:21 INFO  myLog:23 - Motley Crue Greatest Hits
2020-03-06 14:21:21 INFO  myLog:23 - Mozart Gala: Famous Arias
2020-03-06 14:21:21 INFO  myLog:23 - Mozart: Chamber Music
2020-03-06 14:21:21 INFO  myLog:23 - Mozart: Symphonies Nos. 40 & 41
2020-03-06 14:21:21 INFO  myLog:23 - Mozart: Wind Concertos
2020-03-06 14:21:21 INFO  myLog:23 - Muso Ko
2020-03-06 14:21:21 INFO  myLog:23 - My Generation - The Very Best Of The Who
2020-03-06 14:21:21 INFO  myLog:23 - My Way: The Best Of Frank Sinatra [Disc 1]
2020-03-06 14:21:21 INFO  myLog:23 - Na Pista
2020-03-06 14:21:21 INFO  myLog:23 - Nevermind
2020-03-06 14:21:21 INFO  myLog:23 - New Adventures In Hi-Fi
2020-03-06 14:21:21 INFO  myLog:23 - News Of The World
2020-03-06 14:21:21 INFO  myLog:23 - Nielsen: The Six Symphonies
2020-03-06 14:21:21 INFO  myLog:23 - No More Tears (Remastered)
2020-03-06 14:21:21 INFO  myLog:23 - No Prayer For The Dying
2020-03-06 14:21:21 INFO  myLog:23 - No Security
2020-03-06 14:21:21 INFO  myLog:23 - O Samba Poconé
2020-03-06 14:21:21 INFO  myLog:23 - Olodum
2020-03-06 14:21:21 INFO  myLog:23 - One By One
2020-03-06 14:21:21 INFO  myLog:23 - Original Soundtracks 1
2020-03-06 14:21:21 INFO  myLog:23 - Os Cães Ladram Mas A Caravana Não Pára
2020-03-06 14:21:21 INFO  myLog:23 - Out Of Exile
2020-03-06 14:21:21 INFO  myLog:23 - Out Of Time
2020-03-06 14:21:21 INFO  myLog:23 - Outbreak
2020-03-06 14:21:21 INFO  myLog:23 - Pachelbel: Canon & Gigue
2020-03-06 14:21:21 INFO  myLog:23 - Palestrina: Missa Papae Marcelli & Allegri: Miserere
2020-03-06 14:21:21 INFO  myLog:23 - Pavarotti's Opera Made Easy
2020-03-06 14:21:21 INFO  myLog:23 - Pearl Jam
2020-03-06 14:21:21 INFO  myLog:23 - Physical Graffiti [Disc 1]
2020-03-06 14:21:21 INFO  myLog:23 - Physical Graffiti [Disc 2]
2020-03-06 14:21:21 INFO  myLog:23 - Piece Of Mind
2020-03-06 14:21:21 INFO  myLog:23 - Plays Metallica By Four Cellos
2020-03-06 14:21:21 INFO  myLog:23 - Pop
2020-03-06 14:21:21 INFO  myLog:23 - Powerslave
2020-03-06 14:21:21 INFO  myLog:23 - Prenda Minha
2020-03-06 14:21:21 INFO  myLog:23 - Presence
2020-03-06 14:21:21 INFO  myLog:23 - Prokofiev: Romeo & Juliet
2020-03-06 14:21:21 INFO  myLog:23 - Prokofiev: Symphony No.1
2020-03-06 14:21:21 INFO  myLog:23 - Prokofiev: Symphony No.5 & Stravinksy: Le Sacre Du Printemps
2020-03-06 14:21:21 INFO  myLog:23 - Puccini: Madama Butterfly - Highlights
2020-03-06 14:21:21 INFO  myLog:23 - Purcell: Music for the Queen Mary
2020-03-06 14:21:21 INFO  myLog:23 - Purcell: The Fairy Queen
2020-03-06 14:21:21 INFO  myLog:23 - Pure Cult: The Best Of The Cult (For Rockers, Ravers, Lovers & Sinners) [UK]
2020-03-06 14:21:21 INFO  myLog:23 - Purpendicular
2020-03-06 14:21:21 INFO  myLog:23 - Quanta Gente Veio Ver (Live)
2020-03-06 14:21:21 INFO  myLog:23 - Quanta Gente Veio ver--Bônus De Carnaval
2020-03-06 14:21:21 INFO  myLog:23 - Quiet Songs
2020-03-06 14:21:21 INFO  myLog:23 - Radio Brasil (O Som da Jovem Vanguarda) - Seleccao de Henrique Amaro
2020-03-06 14:21:21 INFO  myLog:23 - Rattle And Hum
2020-03-06 14:21:21 INFO  myLog:23 - Raul Seixas
2020-03-06 14:21:21 INFO  myLog:23 - ReLoad
2020-03-06 14:21:21 INFO  myLog:23 - Realize
2020-03-06 14:21:21 INFO  myLog:23 - Respighi:Pines of Rome
2020-03-06 14:21:21 INFO  myLog:23 - Restless and Wild
2020-03-06 14:21:21 INFO  myLog:23 - Retrospective I (1974-1980)
2020-03-06 14:21:21 INFO  myLog:23 - Revelations
2020-03-06 14:21:21 INFO  myLog:23 - Ride The Lightning
2020-03-06 14:21:21 INFO  myLog:23 - Riot Act
2020-03-06 14:21:21 INFO  myLog:23 - Rock In Rio [CD1]
2020-03-06 14:21:21 INFO  myLog:23 - Rock In Rio [CD2]
2020-03-06 14:21:21 INFO  myLog:23 - Roda De Funk
2020-03-06 14:21:21 INFO  myLog:23 - Rotten Apples: Greatest Hits
2020-03-06 14:21:21 INFO  myLog:23 - SCRIABIN: Vers la flamme
2020-03-06 14:21:21 INFO  myLog:23 - Sambas De Enredo 2001
2020-03-06 14:21:21 INFO  myLog:23 - Santana - As Years Go By
2020-03-06 14:21:21 INFO  myLog:23 - Santana Live
2020-03-06 14:21:21 INFO  myLog:23 - Scheherazade
2020-03-06 14:21:21 INFO  myLog:23 - Schubert: The Late String Quartets & String Quintet (3 CD's)
2020-03-06 14:21:21 INFO  myLog:23 - Seek And Shall Find: More Of The Best (1963-1981)
2020-03-06 14:21:21 INFO  myLog:23 - Serie Sem Limite (Disc 1)
2020-03-06 14:21:21 INFO  myLog:23 - Serie Sem Limite (Disc 2)
2020-03-06 14:21:21 INFO  myLog:23 - Seventh Son of a Seventh Son
2020-03-06 14:21:21 INFO  myLog:23 - Sex Machine
2020-03-06 14:21:21 INFO  myLog:23 - Sibelius: Finlandia
2020-03-06 14:21:21 INFO  myLog:23 - Sir Neville Marriner: A Celebration
2020-03-06 14:21:21 INFO  myLog:23 - Slaves And Masters
2020-03-06 14:21:21 INFO  myLog:23 - Somewhere in Time
2020-03-06 14:21:21 INFO  myLog:23 - South American Getaway
2020-03-06 14:21:21 INFO  myLog:23 - Sozinho Remix Ao Vivo
2020-03-06 14:21:21 INFO  myLog:23 - Speak of the Devil
2020-03-06 14:21:21 INFO  myLog:23 - St. Anger
2020-03-06 14:21:21 INFO  myLog:23 - Stormbringer
2020-03-06 14:21:21 INFO  myLog:23 - Strauss: Waltzes
2020-03-06 14:21:21 INFO  myLog:23 - Supernatural
2020-03-06 14:21:21 INFO  myLog:23 - Surfing with the Alien (Remastered)
2020-03-06 14:21:21 INFO  myLog:23 - Synkronized
2020-03-06 14:21:21 INFO  myLog:23 - Szymanowski: Piano Works, Vol. 1
2020-03-06 14:21:21 INFO  myLog:23 - Tangents
2020-03-06 14:21:21 INFO  myLog:23 - Tchaikovsky: 1812 Festival Overture, Op.49, Capriccio Italien & Beethoven: Wellington's Victory
2020-03-06 14:21:21 INFO  myLog:23 - Tchaikovsky: The Nutcracker
2020-03-06 14:21:21 INFO  myLog:23 - Temple of the Dog
2020-03-06 14:21:21 INFO  myLog:23 - Ten
2020-03-06 14:21:21 INFO  myLog:23 - The Battle Rages On
2020-03-06 14:21:21 INFO  myLog:23 - The Beast Live
2020-03-06 14:21:21 INFO  myLog:23 - The Best Of 1980-1990
2020-03-06 14:21:21 INFO  myLog:23 - The Best Of Billy Cobham
2020-03-06 14:21:21 INFO  myLog:23 - The Best Of Buddy Guy - The Millenium Collection
2020-03-06 14:21:21 INFO  myLog:23 - The Best Of Men At Work
2020-03-06 14:21:21 INFO  myLog:23 - The Best Of R.E.M.: The IRS Years
2020-03-06 14:21:21 INFO  myLog:23 - The Best Of Van Halen, Vol. I
2020-03-06 14:21:21 INFO  myLog:23 - The Best of Beethoven
2020-03-06 14:21:21 INFO  myLog:23 - The Best of Ed Motta
2020-03-06 14:21:21 INFO  myLog:23 - The Colour And The Shape
2020-03-06 14:21:21 INFO  myLog:23 - The Cream Of Clapton
2020-03-06 14:21:21 INFO  myLog:23 - The Doors
2020-03-06 14:21:21 INFO  myLog:23 - The Essential Miles Davis [Disc 1]
2020-03-06 14:21:21 INFO  myLog:23 - The Essential Miles Davis [Disc 2]
2020-03-06 14:21:21 INFO  myLog:23 - The Final Concerts (Disc 2)
2020-03-06 14:21:21 INFO  myLog:23 - The Last Night of the Proms
2020-03-06 14:21:21 INFO  myLog:23 - The Number of The Beast
2020-03-06 14:21:21 INFO  myLog:23 - The Office, Season 1
2020-03-06 14:21:21 INFO  myLog:23 - The Office, Season 2
2020-03-06 14:21:21 INFO  myLog:23 - The Office, Season 3
2020-03-06 14:21:21 INFO  myLog:23 - The Police Greatest Hits
2020-03-06 14:21:21 INFO  myLog:23 - The Real Thing
2020-03-06 14:21:21 INFO  myLog:23 - The Return Of The Space Cowboy
2020-03-06 14:21:21 INFO  myLog:23 - The Singles
2020-03-06 14:21:21 INFO  myLog:23 - The Song Remains The Same (Disc 1)
2020-03-06 14:21:21 INFO  myLog:23 - The Song Remains The Same (Disc 2)
2020-03-06 14:21:21 INFO  myLog:23 - The Ultimate Relexation Album
2020-03-06 14:21:21 INFO  myLog:23 - The World of Classical Favourites
2020-03-06 14:21:21 INFO  myLog:23 - The X Factor
2020-03-06 14:21:21 INFO  myLog:23 - Transmission
2020-03-06 14:21:21 INFO  myLog:23 - Tribute
2020-03-06 14:21:21 INFO  myLog:23 - UB40 The Best Of - Volume Two [UK]
2020-03-06 14:21:21 INFO  myLog:23 - Un-Led-Ed
2020-03-06 14:21:21 INFO  myLog:23 - Unplugged
2020-03-06 14:21:21 INFO  myLog:23 - Unplugged [Live]
2020-03-06 14:21:21 INFO  myLog:23 - Up An' Atom
2020-03-06 14:21:21 INFO  myLog:23 - Use Your Illusion I
2020-03-06 14:21:21 INFO  myLog:23 - Use Your Illusion II
2020-03-06 14:21:21 INFO  myLog:23 - Van Halen
2020-03-06 14:21:21 INFO  myLog:23 - Van Halen III
2020-03-06 14:21:21 INFO  myLog:23 - Vault: Def Leppard's Greatest Hits
2020-03-06 14:21:21 INFO  myLog:23 - Vinicius De Moraes
2020-03-06 14:21:21 INFO  myLog:23 - Vinícius De Moraes - Sem Limite
2020-03-06 14:21:21 INFO  myLog:23 - Virtual XI
2020-03-06 14:21:21 INFO  myLog:23 - Vivaldi: The Four Seasons
2020-03-06 14:21:21 INFO  myLog:23 - Volume Dois
2020-03-06 14:21:21 INFO  myLog:23 - Voodoo Lounge
2020-03-06 14:21:21 INFO  myLog:23 - Vozes do MPB
2020-03-06 14:21:21 INFO  myLog:23 - Vs.
2020-03-06 14:21:21 INFO  myLog:23 - Wagner: Favourite Overtures
2020-03-06 14:21:21 INFO  myLog:23 - Walking Into Clarksdale
2020-03-06 14:21:21 INFO  myLog:23 - War
2020-03-06 14:21:21 INFO  myLog:23 - Warner 25 Anos
2020-03-06 14:21:21 INFO  myLog:23 - Weill: The Seven Deadly Sins
2020-03-06 14:21:21 INFO  myLog:23 - Worlds
2020-03-06 14:21:21 INFO  myLog:23 - Zooropa
2020-03-06 14:21:21 INFO  myLog:23 - [1997] Black Light Syndrome
2020-03-06 14:23:11 ERROR myLog:8 - ERROR
2020-03-06 14:23:11 INFO  myLog:11 - Just an Info
2020-03-06 14:23:11 INFO  myLog:23 - 156	...And Justice For All	50
2020-03-06 14:23:11 INFO  myLog:23 - 257	20th Century Masters - The Millennium Collection: The Best of Scorpions	179
2020-03-06 14:23:11 INFO  myLog:23 - 296	A Copland Celebration, Vol. I	230
2020-03-06 14:23:11 INFO  myLog:23 - 94	A Matter of Life and Death	90
2020-03-06 14:23:11 INFO  myLog:23 - 95	A Real Dead One	90
2020-03-06 14:23:11 INFO  myLog:23 - 96	A Real Live One	90
2020-03-06 14:23:11 INFO  myLog:23 - 285	A Soprano Inspired	219
2020-03-06 14:23:11 INFO  myLog:23 - 139	A TempestadeTempestade Ou O Livro Dos Dias	99
2020-03-06 14:23:11 INFO  myLog:23 - 203	A-Sides	132
2020-03-06 14:23:11 INFO  myLog:23 - 160	Ace Of Spades	106
2020-03-06 14:23:11 INFO  myLog:23 - 232	Achtung Baby	150
2020-03-06 14:23:11 INFO  myLog:23 - 224	Acústico	146
2020-03-06 14:23:11 INFO  myLog:23 - 167	Acústico MTV	113
2020-03-06 14:23:11 INFO  myLog:23 - 26	Acústico MTV [Live]	19
2020-03-06 14:23:11 INFO  myLog:23 - 307	Adams, John: The Chairman Dances	242
2020-03-06 14:23:11 INFO  myLog:23 - 272	Adorate Deum: Gregorian Chant from the Proper of the Mass	206
2020-03-06 14:23:11 INFO  myLog:23 - 24	Afrociberdelia	18
2020-03-06 14:23:11 INFO  myLog:23 - 74	Album Of The Year	82
2020-03-06 14:23:11 INFO  myLog:23 - 14	Alcohol Fueled Brewtality Live! [Disc 1]	11
2020-03-06 14:23:11 INFO  myLog:23 - 15	Alcohol Fueled Brewtality Live! [Disc 2]	11
2020-03-06 14:23:11 INFO  myLog:23 - 233	All That You Can't Leave Behind	150
2020-03-06 14:23:11 INFO  myLog:23 - 273	Allegri: Miserere	207
2020-03-06 14:23:11 INFO  myLog:23 - 89	American Idiot	54
2020-03-06 14:23:11 INFO  myLog:23 - 75	Angel Dust	82
2020-03-06 14:23:11 INFO  myLog:23 - 248	Ao Vivo [IMPORT]	155
2020-03-06 14:23:11 INFO  myLog:23 - 90	Appetite for Destruction	88
2020-03-06 14:23:11 INFO  myLog:23 - 254	Aquaman	159
2020-03-06 14:23:11 INFO  myLog:23 - 120	Are You Experienced?	94
2020-03-06 14:23:11 INFO  myLog:23 - 319	Armada: Music from the Courts of England and Spain	251
2020-03-06 14:23:11 INFO  myLog:23 - 168	Arquivo II	113
2020-03-06 14:23:11 INFO  myLog:23 - 169	Arquivo Os Paralamas Do Sucesso	113
2020-03-06 14:23:11 INFO  myLog:23 - 85	As Canções de Eu Tu Eles	27
2020-03-06 14:23:11 INFO  myLog:23 - 10	Audioslave	8
2020-03-06 14:23:11 INFO  myLog:23 - 29	Axé Bahia 2001	21
2020-03-06 14:23:11 INFO  myLog:23 - 234	B-Sides 1980-1990	150
2020-03-06 14:23:11 INFO  myLog:23 - 30	BBC Sessions [Disc 1] [Live]	22
2020-03-06 14:23:11 INFO  myLog:23 - 127	BBC Sessions [Disc 2] [Live]	22
2020-03-06 14:23:11 INFO  myLog:23 - 277	Bach: Goldberg Variations	211
2020-03-06 14:23:11 INFO  myLog:23 - 327	Bach: Orchestral Suites Nos. 1 - 4	257
2020-03-06 14:23:11 INFO  myLog:23 - 300	Bach: The Brandenburg Concertos	234
2020-03-06 14:23:11 INFO  myLog:23 - 278	Bach: The Cello Suites	212
2020-03-06 14:23:11 INFO  myLog:23 - 297	Bach: Toccata & Fugue in D Minor	231
2020-03-06 14:23:11 INFO  myLog:23 - 276	Bach: Violin Concertos	210
2020-03-06 14:23:11 INFO  myLog:23 - 321	Back to Black	252
2020-03-06 14:23:11 INFO  myLog:23 - 12	BackBeat Soundtrack	9
2020-03-06 14:23:11 INFO  myLog:23 - 2	Balls to the Wall	2
2020-03-06 14:23:11 INFO  myLog:23 - 170	Bark at the Moon (Remastered)	114
2020-03-06 14:23:11 INFO  myLog:23 - 325	Bartok: Violin & Viola Concertos	255
2020-03-06 14:23:11 INFO  myLog:23 - 145	Barulhinho Bom	103
2020-03-06 14:23:11 INFO  myLog:23 - 253	Battlestar Galactica (Classic), Season 1	158
2020-03-06 14:23:11 INFO  myLog:23 - 227	Battlestar Galactica, Season 3	147
2020-03-06 14:23:11 INFO  myLog:23 - 226	Battlestar Galactica: The Story So Far	147
2020-03-06 14:23:11 INFO  myLog:23 - 304	Beethoven Piano Sonatas: Moonlight & Pastorale	238
2020-03-06 14:23:11 INFO  myLog:23 - 284	Beethoven: Symhonies Nos. 5 & 6	218
2020-03-06 14:23:11 INFO  myLog:23 - 324	Beethoven: Symphony No. 6 'Pastoral' Etc.	254
2020-03-06 14:23:11 INFO  myLog:23 - 312	Berlioz: Symphonie Fantastique	245
2020-03-06 14:23:11 INFO  myLog:23 - 212	Beyond Good And Evil	139
2020-03-06 14:23:11 INFO  myLog:23 - 5	Big Ones	3
2020-03-06 14:23:11 INFO  myLog:23 - 313	Bizet: Carmen Highlights	246
2020-03-06 14:23:11 INFO  myLog:23 - 148	Black Album	50
2020-03-06 14:23:11 INFO  myLog:23 - 16	Black Sabbath	12
2020-03-06 14:23:11 INFO  myLog:23 - 17	Black Sabbath Vol. 4 (Remaster)	12
2020-03-06 14:23:11 INFO  myLog:23 - 171	Blizzard of Ozz	114
2020-03-06 14:23:11 INFO  myLog:23 - 193	Blood Sugar Sex Magik	127
2020-03-06 14:23:11 INFO  myLog:23 - 93	Blue Moods	89
2020-03-06 14:23:11 INFO  myLog:23 - 18	Body Count	13
2020-03-06 14:23:11 INFO  myLog:23 - 31	Bongo Fury	23
2020-03-06 14:23:11 INFO  myLog:23 - 97	Brave New World	90
2020-03-06 14:23:11 INFO  myLog:23 - 194	By The Way	127
2020-03-06 14:23:11 INFO  myLog:23 - 124	Cafezinho	97
2020-03-06 14:23:11 INFO  myLog:23 - 260	Cake: B-Sides and Rarities	196
2020-03-06 14:23:11 INFO  myLog:23 - 195	Californication	127
2020-03-06 14:23:11 INFO  myLog:23 - 295	Carmina Burana	229
2020-03-06 14:23:11 INFO  myLog:23 - 32	Carnaval 2001	21
2020-03-06 14:23:11 INFO  myLog:23 - 323	Carried to Dust (Bonus Track Version)	253
2020-03-06 14:23:11 INFO  myLog:23 - 270	Carry On	205
2020-03-06 14:23:11 INFO  myLog:23 - 191	Cesta Básica	125
2020-03-06 14:23:11 INFO  myLog:23 - 328	Charpentier: Divertissements, Airs & Concerts	258
2020-03-06 14:23:11 INFO  myLog:23 - 19	Chemical Wedding	14
2020-03-06 14:23:11 INFO  myLog:23 - 33	Chill: Brazil (Disc 1)	24
2020-03-06 14:23:11 INFO  myLog:23 - 34	Chill: Brazil (Disc 2)	6
2020-03-06 14:23:11 INFO  myLog:23 - 301	Chopin: Piano Concertos Nos. 1 & 2	235
2020-03-06 14:23:11 INFO  myLog:23 - 54	Chronicle, Vol. 1	76
2020-03-06 14:23:11 INFO  myLog:23 - 55	Chronicle, Vol. 2	76
2020-03-06 14:23:11 INFO  myLog:23 - 27	Cidade Negra - Hits	19
2020-03-06 14:23:11 INFO  myLog:23 - 128	Coda	22
2020-03-06 14:23:11 INFO  myLog:23 - 58	Come Taste The Band	58
2020-03-06 14:23:11 INFO  myLog:23 - 165	Compositores	111
2020-03-06 14:23:11 INFO  myLog:23 - 246	Contraband	153
2020-03-06 14:23:11 INFO  myLog:23 - 206	Core	134
2020-03-06 14:23:11 INFO  myLog:23 - 56	Cássia Eller - Coleção Sem Limite [Disc 2]	77
2020-03-06 14:23:11 INFO  myLog:23 - 57	Cássia Eller - Sem Limite [Disc 1]	77
2020-03-06 14:23:11 INFO  myLog:23 - 25	Da Lama Ao Caos	18
2020-03-06 14:23:11 INFO  myLog:23 - 98	Dance Of Death	90
2020-03-06 14:23:11 INFO  myLog:23 - 183	Dark Side Of The Moon	120
2020-03-06 14:23:11 INFO  myLog:23 - 59	Deep Purple In Rock	58
2020-03-06 14:23:11 INFO  myLog:23 - 78	Deixa Entrar	83
2020-03-06 14:23:11 INFO  myLog:23 - 161	Demorou...	108
2020-03-06 14:23:11 INFO  myLog:23 - 172	Diary of a Madman (Remastered)	114
2020-03-06 14:23:11 INFO  myLog:23 - 242	Diver Down	152
2020-03-06 14:23:11 INFO  myLog:23 - 69	Djavan Ao Vivo - Vol. 02	80
2020-03-06 14:23:11 INFO  myLog:23 - 70	Djavan Ao Vivo - Vol. 1	80
2020-03-06 14:23:11 INFO  myLog:23 - 266	Duos II	201
2020-03-06 14:23:11 INFO  myLog:23 - 306	Elgar: Cello Concerto & Vaughan Williams: Fantasias	241
2020-03-06 14:23:11 INFO  myLog:23 - 71	Elis Regina-Minha História	41
2020-03-06 14:23:11 INFO  myLog:23 - 116	Emergency On Planet Earth	92
2020-03-06 14:23:11 INFO  myLog:23 - 314	English Renaissance	247
2020-03-06 14:23:11 INFO  myLog:23 - 265	Every Kind of Light	200
2020-03-06 14:23:11 INFO  myLog:23 - 88	Faceless	87
2020-03-06 14:23:11 INFO  myLog:23 - 7	Facelift	5
2020-03-06 14:23:11 INFO  myLog:23 - 288	Fauré: Requiem, Ravel: Pavane & Others	222
2020-03-06 14:23:11 INFO  myLog:23 - 99	Fear Of The Dark	90
2020-03-06 14:23:11 INFO  myLog:23 - 60	Fireball	58
2020-03-06 14:23:11 INFO  myLog:23 - 1	For Those About To Rock We Salute You	1
2020-03-06 14:23:11 INFO  myLog:23 - 322	Frank	252
2020-03-06 14:23:11 INFO  myLog:23 - 163	From The Muddy Banks Of The Wishkah [Live]	110
2020-03-06 14:23:11 INFO  myLog:23 - 35	Garage Inc. (Disc 1)	50
2020-03-06 14:23:11 INFO  myLog:23 - 149	Garage Inc. (Disc 2)	50
2020-03-06 14:23:11 INFO  myLog:23 - 119	Get Born	93
2020-03-06 14:23:11 INFO  myLog:23 - 286	Great Opera Choruses	220
2020-03-06 14:23:11 INFO  myLog:23 - 294	Great Performances - Barber's Adagio and Other Romantic Favorites for Strings	228
2020-03-06 14:23:11 INFO  myLog:23 - 305	Great Recordings of the Century - Mahler: Das Lied von der Erde	240
2020-03-06 14:23:11 INFO  myLog:23 - 341	Great Recordings of the Century - Shubert: Schwanengesang, 4 Lieder	270
2020-03-06 14:23:11 INFO  myLog:23 - 339	Great Recordings of the Century: Paganini's 24 Caprices	268
2020-03-06 14:23:11 INFO  myLog:23 - 141	Greatest Hits	100
2020-03-06 14:23:11 INFO  myLog:23 - 185	Greatest Hits I	51
2020-03-06 14:23:11 INFO  myLog:23 - 36	Greatest Hits II	51
2020-03-06 14:23:11 INFO  myLog:23 - 37	Greatest Kiss	52
2020-03-06 14:23:11 INFO  myLog:23 - 188	Green	124
2020-03-06 14:23:11 INFO  myLog:23 - 316	Grieg: Peer Gynt Suites & Sibelius: Pelléas et Mélisande	248
2020-03-06 14:23:11 INFO  myLog:23 - 330	Górecki: Symphony No. 3	260
2020-03-06 14:23:11 INFO  myLog:23 - 315	Handel: Music for the Royal Fireworks (Original Version 1749)	208
2020-03-06 14:23:11 INFO  myLog:23 - 279	Handel: The Messiah (Highlights)	213
2020-03-06 14:23:11 INFO  myLog:23 - 283	Haydn: Symphonies 99 - 104	217
2020-03-06 14:23:11 INFO  myLog:23 - 38	Heart of the Night	53
2020-03-06 14:23:11 INFO  myLog:23 - 228	Heroes, Season 1	148
2020-03-06 14:23:11 INFO  myLog:23 - 292	Holst: The Planets, Op. 32 & Vaughan Williams: Fantasies	226
2020-03-06 14:23:11 INFO  myLog:23 - 216	Hot Rocks, 1964-1971 (Disc 1)	142
2020-03-06 14:23:11 INFO  myLog:23 - 258	House of Pain	180
2020-03-06 14:23:11 INFO  myLog:23 - 129	Houses Of The Holy	22
2020-03-06 14:23:11 INFO  myLog:23 - 235	How To Dismantle An Atomic Bomb	150
2020-03-06 14:23:11 INFO  myLog:23 - 131	IV	22
2020-03-06 14:23:11 INFO  myLog:23 - 205	In Step	133
2020-03-06 14:23:11 INFO  myLog:23 - 130	In Through The Out Door	22
2020-03-06 14:23:11 INFO  myLog:23 - 79	In Your Honor [Disc 1]	84
2020-03-06 14:23:11 INFO  myLog:23 - 80	In Your Honor [Disc 2]	84
2020-03-06 14:23:11 INFO  myLog:23 - 255	Instant Karma: The Amnesty International Campaign to Save Darfur	150
2020-03-06 14:23:11 INFO  myLog:23 - 39	International Superhits	54
2020-03-06 14:23:11 INFO  myLog:23 - 40	Into The Light	55
2020-03-06 14:23:11 INFO  myLog:23 - 100	Iron Maiden	90
2020-03-06 14:23:11 INFO  myLog:23 - 335	J.S. Bach: Chaconne, Suite in E Minor, Partita in E Major & Prelude, Fugue and Allegro	265
2020-03-06 14:23:11 INFO  myLog:23 - 6	Jagged Little Pill	4
2020-03-06 14:23:11 INFO  myLog:23 - 122	Jorge Ben Jor 25 Anos	46
2020-03-06 14:23:11 INFO  myLog:23 - 123	Jota Quest-1995	96
2020-03-06 14:23:11 INFO  myLog:23 - 201	Judas 0: B-Sides and Rarities	131
2020-03-06 14:23:11 INFO  myLog:23 - 150	Kill 'Em All	50
2020-03-06 14:23:11 INFO  myLog:23 - 101	Killers	90
2020-03-06 14:23:11 INFO  myLog:23 - 76	King For A Day Fool For A Lifetime	82
2020-03-06 14:23:11 INFO  myLog:23 - 61	Knocking at Your Back Door: The Best Of Deep Purple in the 80's	58
2020-03-06 14:23:11 INFO  myLog:23 - 347	Koyaanisqatsi (Soundtrack from the Motion Picture)	275
2020-03-06 14:23:11 INFO  myLog:23 - 261	LOST, Season 4	149
2020-03-06 14:23:11 INFO  myLog:23 - 132	Led Zeppelin I	22
2020-03-06 14:23:11 INFO  myLog:23 - 133	Led Zeppelin II	22
2020-03-06 14:23:11 INFO  myLog:23 - 134	Led Zeppelin III	22
2020-03-06 14:23:11 INFO  myLog:23 - 4	Let There Be Rock	1
2020-03-06 14:23:11 INFO  myLog:23 - 340	Liszt - 12 Études D'Execution Transcendante	269
2020-03-06 14:23:11 INFO  myLog:23 - 102	Live After Death	90
2020-03-06 14:23:11 INFO  myLog:23 - 103	Live At Donington 1992 (Disc 1)	90
2020-03-06 14:23:11 INFO  myLog:23 - 104	Live At Donington 1992 (Disc 2)	90
2020-03-06 14:23:11 INFO  myLog:23 - 178	Live On Two Legs [Live]	118
2020-03-06 14:23:11 INFO  myLog:23 - 209	Live [Disc 1]	137
2020-03-06 14:23:11 INFO  myLog:23 - 210	Live [Disc 2]	137
2020-03-06 14:23:11 INFO  myLog:23 - 125	Living After Midnight	98
2020-03-06 14:23:11 INFO  myLog:23 - 151	Load	50
2020-03-06 14:23:11 INFO  myLog:23 - 342	Locatelli: Concertos for Violin, Strings and Continuo, Vol. 3	271
2020-03-06 14:23:11 INFO  myLog:23 - 230	Lost, Season 1	149
2020-03-06 14:23:11 INFO  myLog:23 - 231	Lost, Season 2	149
2020-03-06 14:23:11 INFO  myLog:23 - 229	Lost, Season 3	149
2020-03-06 14:23:11 INFO  myLog:23 - 142	Lulu Santos - RCA 100 Anos De Música - Álbum 01	101
2020-03-06 14:23:11 INFO  myLog:23 - 143	Lulu Santos - RCA 100 Anos De Música - Álbum 02	101
2020-03-06 14:23:11 INFO  myLog:23 - 43	MK III The Final Concerts [Disc 1]	58
2020-03-06 14:23:11 INFO  myLog:23 - 62	Machine Head	58
2020-03-06 14:23:11 INFO  myLog:23 - 140	Mais Do Mesmo	99
2020-03-06 14:23:11 INFO  myLog:23 - 199	Maquinarama	130
2020-03-06 14:23:11 INFO  myLog:23 - 302	Mascagni: Cavalleria Rusticana	236
2020-03-06 14:23:11 INFO  myLog:23 - 152	Master Of Puppets	50
2020-03-06 14:23:11 INFO  myLog:23 - 326	Mendelssohn: A Midsummer Night's Dream	256
2020-03-06 14:23:11 INFO  myLog:23 - 41	Meus Momentos	56
2020-03-06 14:23:11 INFO  myLog:23 - 207	Mezmerize	135
2020-03-06 14:23:11 INFO  myLog:23 - 157	Miles Ahead	68
2020-03-06 14:23:11 INFO  myLog:23 - 158	Milton Nascimento Ao Vivo	42
2020-03-06 14:23:11 INFO  myLog:23 - 159	Minas	42
2020-03-06 14:23:11 INFO  myLog:23 - 23	Minha Historia	17
2020-03-06 14:23:11 INFO  myLog:23 - 42	Minha História	57
2020-03-06 14:23:11 INFO  myLog:23 - 144	Misplaced Childhood	102
2020-03-06 14:23:11 INFO  myLog:23 - 345	Monteverdi: L'Orfeo	273
2020-03-06 14:23:11 INFO  myLog:23 - 204	Morning Dance	53
2020-03-06 14:23:11 INFO  myLog:23 - 162	Motley Crue Greatest Hits	109
2020-03-06 14:23:11 INFO  myLog:23 - 317	Mozart Gala: Famous Arias	249
2020-03-06 14:23:11 INFO  myLog:23 - 346	Mozart: Chamber Music	274
2020-03-06 14:23:11 INFO  myLog:23 - 320	Mozart: Symphonies Nos. 40 & 41	248
2020-03-06 14:23:11 INFO  myLog:23 - 282	Mozart: Wind Concertos	216
2020-03-06 14:23:11 INFO  myLog:23 - 263	Muso Ko	198
2020-03-06 14:23:11 INFO  myLog:23 - 221	My Generation - The Very Best Of The Who	144
2020-03-06 14:23:11 INFO  myLog:23 - 83	My Way: The Best Of Frank Sinatra [Disc 1]	85
2020-03-06 14:23:11 INFO  myLog:23 - 28	Na Pista	20
2020-03-06 14:23:11 INFO  myLog:23 - 164	Nevermind	110
2020-03-06 14:23:11 INFO  myLog:23 - 189	New Adventures In Hi-Fi	124
2020-03-06 14:23:11 INFO  myLog:23 - 186	News Of The World	51
2020-03-06 14:23:11 INFO  myLog:23 - 338	Nielsen: The Six Symphonies	267
2020-03-06 14:23:11 INFO  myLog:23 - 173	No More Tears (Remastered)	114
2020-03-06 14:23:11 INFO  myLog:23 - 105	No Prayer For The Dying	90
2020-03-06 14:23:11 INFO  myLog:23 - 217	No Security	142
2020-03-06 14:23:11 INFO  myLog:23 - 200	O Samba Poconé	130
2020-03-06 14:23:11 INFO  myLog:23 - 166	Olodum	112
2020-03-06 14:23:11 INFO  myLog:23 - 81	One By One	84
2020-03-06 14:23:11 INFO  myLog:23 - 176	Original Soundtracks 1	116
2020-03-06 14:23:11 INFO  myLog:23 - 184	Os Cães Ladram Mas A Caravana Não Pára	121
2020-03-06 14:23:11 INFO  myLog:23 - 11	Out Of Exile	8
2020-03-06 14:23:11 INFO  myLog:23 - 187	Out Of Time	122
2020-03-06 14:23:11 INFO  myLog:23 - 68	Outbreak	79
2020-03-06 14:23:11 INFO  myLog:23 - 274	Pachelbel: Canon & Gigue	208
2020-03-06 14:23:11 INFO  myLog:23 - 309	Palestrina: Missa Papae Marcelli & Allegri: Miserere	244
2020-03-06 14:23:11 INFO  myLog:23 - 293	Pavarotti's Opera Made Easy	227
2020-03-06 14:23:11 INFO  myLog:23 - 179	Pearl Jam	118
2020-03-06 14:23:11 INFO  myLog:23 - 44	Physical Graffiti [Disc 1]	22
2020-03-06 14:23:11 INFO  myLog:23 - 135	Physical Graffiti [Disc 2]	22
2020-03-06 14:23:11 INFO  myLog:23 - 106	Piece Of Mind	90
2020-03-06 14:23:11 INFO  myLog:23 - 9	Plays Metallica By Four Cellos	7
2020-03-06 14:23:11 INFO  myLog:23 - 236	Pop	150
2020-03-06 14:23:11 INFO  myLog:23 - 107	Powerslave	90
2020-03-06 14:23:11 INFO  myLog:23 - 21	Prenda Minha	16
2020-03-06 14:23:11 INFO  myLog:23 - 136	Presence	22
2020-03-06 14:23:11 INFO  myLog:23 - 310	Prokofiev: Romeo & Juliet	245
2020-03-06 14:23:11 INFO  myLog:23 - 298	Prokofiev: Symphony No.1	232
2020-03-06 14:23:11 INFO  myLog:23 - 336	Prokofiev: Symphony No.5 & Stravinksy: Le Sacre Du Printemps	248
2020-03-06 14:23:11 INFO  myLog:23 - 291	Puccini: Madama Butterfly - Highlights	225
2020-03-06 14:23:11 INFO  myLog:23 - 333	Purcell: Music for the Queen Mary	263
2020-03-06 14:23:11 INFO  myLog:23 - 331	Purcell: The Fairy Queen	261
2020-03-06 14:23:11 INFO  myLog:23 - 213	Pure Cult: The Best Of The Cult (For Rockers, Ravers, Lovers & Sinners) [UK]	139
2020-03-06 14:23:11 INFO  myLog:23 - 63	Purpendicular	58
2020-03-06 14:23:11 INFO  myLog:23 - 86	Quanta Gente Veio Ver (Live)	27
2020-03-06 14:23:11 INFO  myLog:23 - 87	Quanta Gente Veio ver--Bônus De Carnaval	27
2020-03-06 14:23:11 INFO  myLog:23 - 262	Quiet Songs	197
2020-03-06 14:23:11 INFO  myLog:23 - 259	Radio Brasil (O Som da Jovem Vanguarda) - Seleccao de Henrique Amaro	36
2020-03-06 14:23:11 INFO  myLog:23 - 237	Rattle And Hum	150
2020-03-06 14:23:11 INFO  myLog:23 - 192	Raul Seixas	126
2020-03-06 14:23:11 INFO  myLog:23 - 153	ReLoad	50
2020-03-06 14:23:11 INFO  myLog:23 - 264	Realize	199
2020-03-06 14:23:11 INFO  myLog:23 - 343	Respighi:Pines of Rome	226
2020-03-06 14:23:11 INFO  myLog:23 - 3	Restless and Wild	2
2020-03-06 14:23:11 INFO  myLog:23 - 196	Retrospective I (1974-1980)	128
2020-03-06 14:23:11 INFO  myLog:23 - 271	Revelations	8
2020-03-06 14:23:11 INFO  myLog:23 - 154	Ride The Lightning	50
2020-03-06 14:23:11 INFO  myLog:23 - 180	Riot Act	118
2020-03-06 14:23:11 INFO  myLog:23 - 108	Rock In Rio [CD1]	90
2020-03-06 14:23:11 INFO  myLog:23 - 109	Rock In Rio [CD2]	90
2020-03-06 14:23:11 INFO  myLog:23 - 84	Roda De Funk	86
2020-03-06 14:23:11 INFO  myLog:23 - 202	Rotten Apples: Greatest Hits	131
2020-03-06 14:23:11 INFO  myLog:23 - 318	SCRIABIN: Vers la flamme	250
2020-03-06 14:23:11 INFO  myLog:23 - 45	Sambas De Enredo 2001	21
2020-03-06 14:23:11 INFO  myLog:23 - 197	Santana - As Years Go By	59
2020-03-06 14:23:11 INFO  myLog:23 - 198	Santana Live	59
2020-03-06 14:23:11 INFO  myLog:23 - 299	Scheherazade	233
2020-03-06 14:23:11 INFO  myLog:23 - 344	Schubert: The Late String Quartets & String Quintet (3 CD's)	272
2020-03-06 14:23:11 INFO  myLog:23 - 146	Seek And Shall Find: More Of The Best (1963-1981)	104
2020-03-06 14:23:11 INFO  myLog:23 - 222	Serie Sem Limite (Disc 1)	145
2020-03-06 14:23:11 INFO  myLog:23 - 223	Serie Sem Limite (Disc 2)	145
2020-03-06 14:23:11 INFO  myLog:23 - 110	Seventh Son of a Seventh Son	90
2020-03-06 14:23:11 INFO  myLog:23 - 115	Sex Machine	91
2020-03-06 14:23:11 INFO  myLog:23 - 303	Sibelius: Finlandia	237
2020-03-06 14:23:11 INFO  myLog:23 - 281	Sir Neville Marriner: A Celebration	215
2020-03-06 14:23:11 INFO  myLog:23 - 64	Slaves And Masters	58
2020-03-06 14:23:11 INFO  myLog:23 - 111	Somewhere in Time	90
2020-03-06 14:23:11 INFO  myLog:23 - 329	South American Getaway	259
2020-03-06 14:23:11 INFO  myLog:23 - 22	Sozinho Remix Ao Vivo	16
2020-03-06 14:23:11 INFO  myLog:23 - 256	Speak of the Devil	114
2020-03-06 14:23:11 INFO  myLog:23 - 155	St. Anger	50
2020-03-06 14:23:11 INFO  myLog:23 - 65	Stormbringer	58
2020-03-06 14:23:11 INFO  myLog:23 - 311	Strauss: Waltzes	226
2020-03-06 14:23:11 INFO  myLog:23 - 46	Supernatural	59
2020-03-06 14:23:11 INFO  myLog:23 - 121	Surfing with the Alien (Remastered)	95
2020-03-06 14:23:11 INFO  myLog:23 - 117	Synkronized	92
2020-03-06 14:23:11 INFO  myLog:23 - 337	Szymanowski: Piano Works, Vol. 1	266
2020-03-06 14:23:11 INFO  myLog:23 - 219	Tangents	143
2020-03-06 14:23:11 INFO  myLog:23 - 308	Tchaikovsky: 1812 Festival Overture, Op.49, Capriccio Italien & Beethoven: Wellington's Victory	243
2020-03-06 14:23:11 INFO  myLog:23 - 289	Tchaikovsky: The Nutcracker	223
2020-03-06 14:23:11 INFO  myLog:23 - 269	Temple of the Dog	204
2020-03-06 14:23:11 INFO  myLog:23 - 181	Ten	118
2020-03-06 14:23:11 INFO  myLog:23 - 66	The Battle Rages On	58
2020-03-06 14:23:11 INFO  myLog:23 - 177	The Beast Live	117
2020-03-06 14:23:11 INFO  myLog:23 - 238	The Best Of 1980-1990	150
2020-03-06 14:23:11 INFO  myLog:23 - 13	The Best Of Billy Cobham	10
2020-03-06 14:23:11 INFO  myLog:23 - 20	The Best Of Buddy Guy - The Millenium Collection	15
2020-03-06 14:23:11 INFO  myLog:23 - 147	The Best Of Men At Work	105
2020-03-06 14:23:11 INFO  myLog:23 - 190	The Best Of R.E.M.: The IRS Years	124
2020-03-06 14:23:11 INFO  myLog:23 - 243	The Best Of Van Halen, Vol. I	152
2020-03-06 14:23:11 INFO  myLog:23 - 268	The Best of Beethoven	203
2020-03-06 14:23:11 INFO  myLog:23 - 47	The Best of Ed Motta	37
2020-03-06 14:23:11 INFO  myLog:23 - 82	The Colour And The Shape	84
2020-03-06 14:23:11 INFO  myLog:23 - 72	The Cream Of Clapton	81
2020-03-06 14:23:11 INFO  myLog:23 - 214	The Doors	140
2020-03-06 14:23:11 INFO  myLog:23 - 48	The Essential Miles Davis [Disc 1]	68
2020-03-06 14:23:11 INFO  myLog:23 - 49	The Essential Miles Davis [Disc 2]	68
2020-03-06 14:23:11 INFO  myLog:23 - 50	The Final Concerts (Disc 2)	58
2020-03-06 14:23:11 INFO  myLog:23 - 290	The Last Night of the Proms	224
2020-03-06 14:23:11 INFO  myLog:23 - 112	The Number of The Beast	90
2020-03-06 14:23:11 INFO  myLog:23 - 249	The Office, Season 1	156
2020-03-06 14:23:11 INFO  myLog:23 - 250	The Office, Season 2	156
2020-03-06 14:23:11 INFO  myLog:23 - 251	The Office, Season 3	156
2020-03-06 14:23:11 INFO  myLog:23 - 215	The Police Greatest Hits	141
2020-03-06 14:23:11 INFO  myLog:23 - 77	The Real Thing	82
2020-03-06 14:23:11 INFO  myLog:23 - 118	The Return Of The Space Cowboy	92
2020-03-06 14:23:11 INFO  myLog:23 - 211	The Singles	138
2020-03-06 14:23:11 INFO  myLog:23 - 137	The Song Remains The Same (Disc 1)	22
2020-03-06 14:23:11 INFO  myLog:23 - 138	The Song Remains The Same (Disc 2)	22
2020-03-06 14:23:11 INFO  myLog:23 - 332	The Ultimate Relexation Album	262
2020-03-06 14:23:11 INFO  myLog:23 - 280	The World of Classical Favourites	214
2020-03-06 14:23:11 INFO  myLog:23 - 113	The X Factor	90
2020-03-06 14:23:11 INFO  myLog:23 - 220	Transmission	143
2020-03-06 14:23:11 INFO  myLog:23 - 174	Tribute	114
2020-03-06 14:23:11 INFO  myLog:23 - 241	UB40 The Best Of - Volume Two [UK]	151
2020-03-06 14:23:11 INFO  myLog:23 - 252	Un-Led-Ed	157
2020-03-06 14:23:11 INFO  myLog:23 - 73	Unplugged	81
2020-03-06 14:23:11 INFO  myLog:23 - 126	Unplugged [Live]	52
2020-03-06 14:23:11 INFO  myLog:23 - 51	Up An' Atom	69
2020-03-06 14:23:11 INFO  myLog:23 - 91	Use Your Illusion I	88
2020-03-06 14:23:11 INFO  myLog:23 - 92	Use Your Illusion II	88
2020-03-06 14:23:11 INFO  myLog:23 - 244	Van Halen	152
2020-03-06 14:23:11 INFO  myLog:23 - 245	Van Halen III	152
2020-03-06 14:23:11 INFO  myLog:23 - 67	Vault: Def Leppard's Greatest Hits	78
2020-03-06 14:23:11 INFO  myLog:23 - 247	Vinicius De Moraes	72
2020-03-06 14:23:11 INFO  myLog:23 - 52	Vinícius De Moraes - Sem Limite	70
2020-03-06 14:23:11 INFO  myLog:23 - 114	Virtual XI	90
2020-03-06 14:23:11 INFO  myLog:23 - 275	Vivaldi: The Four Seasons	209
2020-03-06 14:23:11 INFO  myLog:23 - 225	Volume Dois	146
2020-03-06 14:23:11 INFO  myLog:23 - 218	Voodoo Lounge	142
2020-03-06 14:23:11 INFO  myLog:23 - 53	Vozes do MPB	21
2020-03-06 14:23:11 INFO  myLog:23 - 182	Vs.	118
2020-03-06 14:23:11 INFO  myLog:23 - 287	Wagner: Favourite Overtures	221
2020-03-06 14:23:11 INFO  myLog:23 - 175	Walking Into Clarksdale	115
2020-03-06 14:23:11 INFO  myLog:23 - 239	War	150
2020-03-06 14:23:11 INFO  myLog:23 - 8	Warner 25 Anos	6
2020-03-06 14:23:11 INFO  myLog:23 - 334	Weill: The Seven Deadly Sins	264
2020-03-06 14:23:11 INFO  myLog:23 - 267	Worlds	202
2020-03-06 14:23:11 INFO  myLog:23 - 240	Zooropa	150
2020-03-06 14:23:11 INFO  myLog:23 - 208	[1997] Black Light Syndrome	136
